{"contracts/src/bridge/NeuronsOFTAdapter.sol":{"l":{"44":0,"45":0,"46":0,"51":0,"52":0,"53":0,"57":0,"58":0,"62":0,"63":0,"67":0,"68":0,"72":0,"76":0,"89":0,"90":0,"91":0,"92":0,"95":0,"97":0,"99":0,"102":0,"106":0,"107":0,"109":0,"128":0,"129":0,"132":0,"133":0,"134":0,"135":0,"136":0,"146":0,"147":0,"148":0,"150":0,"152":0,"155":0,"159":0,"160":0,"162":0,"181":0,"182":0,"189":0,"190":0,"194":0,"198":0,"207":0,"208":0,"209":0,"212":0,"213":0,"214":0,"215":0},"path":"/mnt/d/Rede/Github/ThinkinCoin/Neurons/contracts/src/bridge/NeuronsOFTAdapter.sol","s":{"1":0,"2":0,"3":0,"4":0,"5":0,"6":0,"7":0,"8":0,"9":0,"10":0,"11":0,"12":0,"13":0,"14":0,"15":0,"16":0,"17":0,"18":0,"19":0,"20":0,"21":0,"22":0,"23":0,"24":0,"25":0,"26":0,"27":0,"28":0,"29":0,"30":0},"b":{"1":[0,0],"2":[0,0],"3":[0,0],"4":[0,0],"5":[0,0],"6":[0,0],"7":[0,0],"8":[0,0],"9":[0,0],"10":[0,0],"11":[0,0],"12":[0,0],"13":[0,0],"14":[0,0],"15":[0,0],"16":[0,0],"17":[0,0],"18":[0,0],"19":[0,0],"20":[0,0],"21":[0,0],"22":[0,0],"23":[0,0],"24":[0,0]},"f":{"1":0,"2":0,"3":0,"4":0,"5":0,"6":0,"7":0,"8":0,"9":0,"10":0,"11":0,"12":0,"13":0,"14":0,"15":0},"fnMap":{"1":{"name":"constructor","line":43,"loc":{"start":{"line":43,"column":4},"end":{"line":47,"column":4}}},"2":{"name":"setEndpoint","line":50,"loc":{"start":{"line":50,"column":4},"end":{"line":54,"column":4}}},"3":{"name":"allowRemote","line":56,"loc":{"start":{"line":56,"column":4},"end":{"line":59,"column":4}}},"4":{"name":"setTrustedRemote","line":61,"loc":{"start":{"line":61,"column":4},"end":{"line":64,"column":4}}},"5":{"name":"setBridgeMode","line":66,"loc":{"start":{"line":66,"column":4},"end":{"line":69,"column":4}}},"6":{"name":"pause","line":71,"loc":{"start":{"line":71,"column":4},"end":{"line":73,"column":4}}},"7":{"name":"unpause","line":75,"loc":{"start":{"line":75,"column":4},"end":{"line":77,"column":4}}},"8":{"name":"sendTokens","line":88,"loc":{"start":{"line":83,"column":4},"end":{"line":113,"column":4}}},"9":{"name":"estimateSendFee","line":117,"loc":{"start":{"line":117,"column":4},"end":{"line":137,"column":4}}},"10":{"name":"_receiveTokens","line":141,"loc":{"start":{"line":141,"column":4},"end":{"line":163,"column":4}}},"11":{"name":"emergencyWithdraw","line":180,"loc":{"start":{"line":180,"column":4},"end":{"line":184,"column":4}}},"12":{"name":"getChainStats","line":188,"loc":{"start":{"line":188,"column":4},"end":{"line":191,"column":4}}},"13":{"name":"isChainAllowed","line":193,"loc":{"start":{"line":193,"column":4},"end":{"line":195,"column":4}}},"14":{"name":"getTrustedRemote","line":197,"loc":{"start":{"line":197,"column":4},"end":{"line":199,"column":4}}},"15":{"name":"getBridgeStats","line":201,"loc":{"start":{"line":201,"column":4},"end":{"line":218,"column":4}}}},"statementMap":{"1":{"start":{"line":44,"column":8},"end":{"line":44,"column":85}},"2":{"start":{"line":51,"column":8},"end":{"line":51,"column":64}},"3":{"start":{"line":53,"column":8},"end":{"line":53,"column":35}},"4":{"start":{"line":58,"column":8},"end":{"line":58,"column":51}},"5":{"start":{"line":63,"column":8},"end":{"line":63,"column":55}},"6":{"start":{"line":68,"column":8},"end":{"line":68,"column":43}},"7":{"start":{"line":72,"column":8},"end":{"line":72,"column":15}},"8":{"start":{"line":76,"column":8},"end":{"line":76,"column":17}},"9":{"start":{"line":89,"column":8},"end":{"line":89,"column":77}},"10":{"start":{"line":90,"column":8},"end":{"line":90,"column":57}},"11":{"start":{"line":91,"column":8},"end":{"line":91,"column":54}},"12":{"start":{"line":92,"column":8},"end":{"line":92,"column":66}},"13":{"start":{"line":95,"column":8},"end":{"line":95,"column":85}},"14":{"start":{"line":97,"column":8},"end":{"line":97,"column":4064}},"15":{"start":{"line":99,"column":12},"end":{"line":99,"column":45}},"16":{"start":{"line":102,"column":12},"end":{"line":102,"column":64}},"17":{"start":{"line":109,"column":8},"end":{"line":109,"column":59}},"18":{"start":{"line":146,"column":8},"end":{"line":146,"column":77}},"19":{"start":{"line":147,"column":8},"end":{"line":147,"column":57}},"20":{"start":{"line":148,"column":8},"end":{"line":148,"column":54}},"21":{"start":{"line":150,"column":8},"end":{"line":150,"column":5816}},"22":{"start":{"line":152,"column":12},"end":{"line":152,"column":33}},"23":{"start":{"line":155,"column":12},"end":{"line":155,"column":37}},"24":{"start":{"line":162,"column":8},"end":{"line":162,"column":51}},"25":{"start":{"line":181,"column":8},"end":{"line":181,"column":7015}},"26":{"start":{"line":182,"column":12},"end":{"line":182,"column":37}},"27":{"start":{"line":194,"column":8},"end":{"line":194,"column":42}},"28":{"start":{"line":198,"column":8},"end":{"line":198,"column":43}},"29":{"start":{"line":213,"column":8},"end":{"line":213,"column":8005}},"30":{"start":{"line":214,"column":12},"end":{"line":214,"column":8093}}},"branchMap":{"1":{"line":44,"type":"if","locations":[{"start":{"line":44,"column":8},"end":{"line":44,"column":8}},{"start":{"line":44,"column":8},"end":{"line":44,"column":8}}]},"2":{"line":44,"type":"cond-expr","locations":[{"start":{"line":44,"column":12},"end":{"line":44,"column":31}},{"start":{"line":44,"column":36},"end":{"line":44,"column":55}}]},"3":{"line":50,"type":"if","locations":[{"start":{"line":50,"column":53},"end":{"line":50,"column":53}},{"start":{"line":50,"column":53},"end":{"line":50,"column":53}}]},"4":{"line":51,"type":"if","locations":[{"start":{"line":51,"column":8},"end":{"line":51,"column":8}},{"start":{"line":51,"column":8},"end":{"line":51,"column":8}}]},"5":{"line":56,"type":"if","locations":[{"start":{"line":56,"column":66},"end":{"line":56,"column":66}},{"start":{"line":56,"column":66},"end":{"line":56,"column":66}}]},"6":{"line":61,"type":"if","locations":[{"start":{"line":61,"column":87},"end":{"line":61,"column":87}},{"start":{"line":61,"column":87},"end":{"line":61,"column":87}}]},"7":{"line":66,"type":"if","locations":[{"start":{"line":66,"column":58},"end":{"line":66,"column":58}},{"start":{"line":66,"column":58},"end":{"line":66,"column":58}}]},"8":{"line":71,"type":"if","locations":[{"start":{"line":71,"column":30},"end":{"line":71,"column":30}},{"start":{"line":71,"column":30},"end":{"line":71,"column":30}}]},"9":{"line":75,"type":"if","locations":[{"start":{"line":75,"column":32},"end":{"line":75,"column":32}},{"start":{"line":75,"column":32},"end":{"line":75,"column":32}}]},"10":{"line":88,"type":"if","locations":[{"start":{"line":88,"column":23},"end":{"line":88,"column":23}},{"start":{"line":88,"column":23},"end":{"line":88,"column":23}}]},"11":{"line":88,"type":"if","locations":[{"start":{"line":88,"column":37},"end":{"line":88,"column":37}},{"start":{"line":88,"column":37},"end":{"line":88,"column":37}}]},"12":{"line":89,"type":"if","locations":[{"start":{"line":89,"column":8},"end":{"line":89,"column":8}},{"start":{"line":89,"column":8},"end":{"line":89,"column":8}}]},"13":{"line":90,"type":"if","locations":[{"start":{"line":90,"column":8},"end":{"line":90,"column":8}},{"start":{"line":90,"column":8},"end":{"line":90,"column":8}}]},"14":{"line":91,"type":"if","locations":[{"start":{"line":91,"column":8},"end":{"line":91,"column":8}},{"start":{"line":91,"column":8},"end":{"line":91,"column":8}}]},"15":{"line":92,"type":"if","locations":[{"start":{"line":92,"column":8},"end":{"line":92,"column":8}},{"start":{"line":92,"column":8},"end":{"line":92,"column":8}}]},"16":{"line":95,"type":"if","locations":[{"start":{"line":95,"column":8},"end":{"line":95,"column":8}},{"start":{"line":95,"column":8},"end":{"line":95,"column":8}}]},"17":{"line":97,"type":"if","locations":[{"start":{"line":97,"column":8},"end":{"line":97,"column":8}},{"start":{"line":97,"column":8},"end":{"line":97,"column":8}}]},"18":{"line":146,"type":"if","locations":[{"start":{"line":146,"column":8},"end":{"line":146,"column":8}},{"start":{"line":146,"column":8},"end":{"line":146,"column":8}}]},"19":{"line":147,"type":"if","locations":[{"start":{"line":147,"column":8},"end":{"line":147,"column":8}},{"start":{"line":147,"column":8},"end":{"line":147,"column":8}}]},"20":{"line":148,"type":"if","locations":[{"start":{"line":148,"column":8},"end":{"line":148,"column":8}},{"start":{"line":148,"column":8},"end":{"line":148,"column":8}}]},"21":{"line":150,"type":"if","locations":[{"start":{"line":150,"column":8},"end":{"line":150,"column":8}},{"start":{"line":150,"column":8},"end":{"line":150,"column":8}}]},"22":{"line":180,"type":"if","locations":[{"start":{"line":180,"column":68},"end":{"line":180,"column":68}},{"start":{"line":180,"column":68},"end":{"line":180,"column":68}}]},"23":{"line":181,"type":"if","locations":[{"start":{"line":181,"column":8},"end":{"line":181,"column":8}},{"start":{"line":181,"column":8},"end":{"line":181,"column":8}}]},"24":{"line":214,"type":"if","locations":[{"start":{"line":214,"column":12},"end":{"line":214,"column":12}},{"start":{"line":214,"column":12},"end":{"line":214,"column":12}}]}}},"contracts/src/bridge/NeuronsProxy.sol":{"l":{"21":6,"22":4,"30":4,"31":4,"32":4,"36":0,"37":0,"38":0,"39":0,"45":3,"46":3,"47":3,"53":1,"54":1,"55":1,"63":4,"67":4,"68":3,"78":0},"path":"/mnt/d/Rede/Github/ThinkinCoin/Neurons/contracts/src/bridge/NeuronsProxy.sol","s":{"1":6,"2":4,"3":4,"4":0,"5":0,"6":0,"7":3,"8":3,"9":3,"10":1,"11":1,"12":1,"13":4,"14":4,"15":3,"16":0},"b":{"1":[2,4],"2":[0,4],"3":[0,0],"4":[0,0],"5":[0,0],"6":[3,1],"7":[0,3],"8":[0,3],"9":[1,1],"10":[0,1],"11":[0,1],"12":[3,1]},"f":{"1":6,"2":4,"3":0,"4":3,"5":1,"6":4,"7":0},"fnMap":{"1":{"name":"onlyBridge","line":20,"loc":{"start":{"line":20,"column":4},"end":{"line":23,"column":4}}},"2":{"name":"constructor","line":28,"loc":{"start":{"line":25,"column":4},"end":{"line":33,"column":4}}},"3":{"name":"setBridge","line":35,"loc":{"start":{"line":35,"column":4},"end":{"line":40,"column":4}}},"4":{"name":"bridgeMint","line":44,"loc":{"start":{"line":44,"column":4},"end":{"line":48,"column":4}}},"5":{"name":"bridgeBurn","line":52,"loc":{"start":{"line":52,"column":4},"end":{"line":56,"column":4}}},"6":{"name":"_update","line":59,"loc":{"start":{"line":59,"column":4},"end":{"line":70,"column":4}}},"7":{"name":"nonces","line":72,"loc":{"start":{"line":72,"column":4},"end":{"line":79,"column":4}}}},"statementMap":{"1":{"start":{"line":21,"column":8},"end":{"line":21,"column":63}},"2":{"start":{"line":30,"column":8},"end":{"line":30,"column":86}},"3":{"start":{"line":32,"column":8},"end":{"line":32,"column":47}},"4":{"start":{"line":36,"column":8},"end":{"line":36,"column":62}},"5":{"start":{"line":37,"column":8},"end":{"line":37,"column":34}},"6":{"start":{"line":39,"column":8},"end":{"line":39,"column":46}},"7":{"start":{"line":45,"column":8},"end":{"line":45,"column":57}},"8":{"start":{"line":46,"column":8},"end":{"line":46,"column":54}},"9":{"start":{"line":47,"column":8},"end":{"line":47,"column":24}},"10":{"start":{"line":53,"column":8},"end":{"line":53,"column":59}},"11":{"start":{"line":54,"column":8},"end":{"line":54,"column":54}},"12":{"start":{"line":55,"column":8},"end":{"line":55,"column":26}},"13":{"start":{"line":63,"column":8},"end":{"line":63,"column":37}},"14":{"start":{"line":67,"column":8},"end":{"line":67,"column":2730}},"15":{"start":{"line":68,"column":12},"end":{"line":68,"column":28}},"16":{"start":{"line":78,"column":8},"end":{"line":78,"column":34}}},"branchMap":{"1":{"line":21,"type":"if","locations":[{"start":{"line":21,"column":8},"end":{"line":21,"column":8}},{"start":{"line":21,"column":8},"end":{"line":21,"column":8}}]},"2":{"line":30,"type":"if","locations":[{"start":{"line":30,"column":8},"end":{"line":30,"column":8}},{"start":{"line":30,"column":8},"end":{"line":30,"column":8}}]},"3":{"line":30,"type":"cond-expr","locations":[{"start":{"line":30,"column":12},"end":{"line":30,"column":31}},{"start":{"line":30,"column":36},"end":{"line":30,"column":56}}]},"4":{"line":35,"type":"if","locations":[{"start":{"line":35,"column":49},"end":{"line":35,"column":49}},{"start":{"line":35,"column":49},"end":{"line":35,"column":49}}]},"5":{"line":36,"type":"if","locations":[{"start":{"line":36,"column":8},"end":{"line":36,"column":8}},{"start":{"line":36,"column":8},"end":{"line":36,"column":8}}]},"6":{"line":44,"type":"if","locations":[{"start":{"line":44,"column":61},"end":{"line":44,"column":61}},{"start":{"line":44,"column":61},"end":{"line":44,"column":61}}]},"7":{"line":45,"type":"if","locations":[{"start":{"line":45,"column":8},"end":{"line":45,"column":8}},{"start":{"line":45,"column":8},"end":{"line":45,"column":8}}]},"8":{"line":46,"type":"if","locations":[{"start":{"line":46,"column":8},"end":{"line":46,"column":8}},{"start":{"line":46,"column":8},"end":{"line":46,"column":8}}]},"9":{"line":52,"type":"if","locations":[{"start":{"line":52,"column":63},"end":{"line":52,"column":63}},{"start":{"line":52,"column":63},"end":{"line":52,"column":63}}]},"10":{"line":53,"type":"if","locations":[{"start":{"line":53,"column":8},"end":{"line":53,"column":8}},{"start":{"line":53,"column":8},"end":{"line":53,"column":8}}]},"11":{"line":54,"type":"if","locations":[{"start":{"line":54,"column":8},"end":{"line":54,"column":8}},{"start":{"line":54,"column":8},"end":{"line":54,"column":8}}]},"12":{"line":67,"type":"if","locations":[{"start":{"line":67,"column":8},"end":{"line":67,"column":8}},{"start":{"line":67,"column":8},"end":{"line":67,"column":8}}]}}},"contracts/src/interfaces/IVerifier.sol":{"l":{},"path":"/mnt/d/Rede/Github/ThinkinCoin/Neurons/contracts/src/interfaces/IVerifier.sol","s":{},"b":{},"f":{},"fnMap":{},"statementMap":{},"branchMap":{}},"contracts/src/libs/Errors.sol":{"l":{},"path":"/mnt/d/Rede/Github/ThinkinCoin/Neurons/contracts/src/libs/Errors.sol","s":{},"b":{},"f":{},"fnMap":{},"statementMap":{},"branchMap":{}},"contracts/src/minters/PoKMinter.sol":{"l":{"44":0,"45":0,"46":0,"47":0,"49":0,"50":0,"51":0,"53":0,"54":0,"55":0,"60":0,"61":0,"62":0,"66":0,"67":0,"68":0,"72":0,"73":0,"74":0,"75":0,"83":0,"84":0,"85":0,"86":0,"90":0,"94":0,"99":0,"110":0,"111":0,"112":0,"113":0,"114":0,"115":0,"116":0,"119":0,"120":0,"124":0,"125":0,"127":0,"128":0,"131":0,"132":0,"136":0,"137":0,"140":0,"143":0,"144":0,"147":0,"150":0,"151":0,"153":0,"163":0,"166":0,"169":0,"170":0,"172":0,"174":0,"175":0,"176":0,"177":0,"178":0,"180":0,"181":0,"182":0,"185":0,"188":0,"189":0,"190":0,"193":0,"196":0,"197":0,"199":0,"203":0,"204":0,"205":0,"208":0,"211":0,"212":0,"214":0,"220":0,"221":0,"222":0,"224":0,"225":0,"227":0,"231":0,"232":0,"234":0,"238":0,"246":0,"247":0,"248":0},"path":"/mnt/d/Rede/Github/ThinkinCoin/Neurons/contracts/src/minters/PoKMinter.sol","s":{"1":0,"2":0,"3":0,"4":0,"5":0,"6":0,"7":0,"8":0,"9":0,"10":0,"11":0,"12":0,"13":0,"14":0,"15":0,"16":0,"17":0,"18":0,"19":0,"20":0,"21":0,"22":0,"23":0,"24":0,"25":0,"26":0,"27":0,"28":0,"29":0,"30":0,"31":0,"32":0,"33":0,"34":0,"35":0,"36":0,"37":0,"38":0,"39":0,"40":0,"41":0,"42":0,"43":0,"44":0,"45":0,"46":0,"47":0,"48":0,"49":0,"50":0,"51":0,"52":0,"53":0,"54":0,"55":0,"56":0,"57":0,"58":0,"59":0,"60":0,"61":0,"62":0,"63":0,"64":0},"b":{"1":[0,0],"2":[0,0],"3":[0,0],"4":[0,0],"5":[0,0],"6":[0,0],"7":[0,0],"8":[0,0],"9":[0,0],"10":[0,0],"11":[0,0],"12":[0,0],"13":[0,0],"14":[0,0],"15":[0,0],"16":[0,0],"17":[0,0],"18":[0,0],"19":[0,0],"20":[0,0],"21":[0,0],"22":[0,0],"23":[0,0],"24":[0,0],"25":[0,0],"26":[0,0],"27":[0,0],"28":[0,0],"29":[0,0],"30":[0,0],"31":[0,0],"32":[0,0],"33":[0,0],"34":[0,0],"35":[0,0],"36":[0,0],"37":[0,0],"38":[0,0],"39":[0,0],"40":[0,0],"41":[0,0],"42":[0,0],"43":[0,0],"44":[0,0],"45":[0,0],"46":[0,0],"47":[0,0],"48":[0,0],"49":[0,0],"50":[0,0]},"f":{"1":0,"2":0,"3":0,"4":0,"5":0,"6":0,"7":0,"8":0,"9":0,"10":0,"11":0,"12":0,"13":0,"14":0},"fnMap":{"1":{"name":"constructor","line":43,"loc":{"start":{"line":43,"column":4},"end":{"line":56,"column":4}}},"2":{"name":"setToken","line":59,"loc":{"start":{"line":59,"column":4},"end":{"line":63,"column":4}}},"3":{"name":"setVerifier","line":65,"loc":{"start":{"line":65,"column":4},"end":{"line":69,"column":4}}},"4":{"name":"setDaoTreasury","line":71,"loc":{"start":{"line":71,"column":4},"end":{"line":76,"column":4}}},"5":{"name":"setLimits","line":82,"loc":{"start":{"line":78,"column":4},"end":{"line":87,"column":4}}},"6":{"name":"pause","line":89,"loc":{"start":{"line":89,"column":4},"end":{"line":91,"column":4}}},"7":{"name":"unpause","line":93,"loc":{"start":{"line":93,"column":4},"end":{"line":95,"column":4}}},"8":{"name":"emergencySetNonceUsed","line":98,"loc":{"start":{"line":98,"column":4},"end":{"line":100,"column":4}}},"9":{"name":"mintWithProof","line":109,"loc":{"start":{"line":104,"column":4},"end":{"line":154,"column":4}}},"10":{"name":"batchMintWithProofs","line":162,"loc":{"start":{"line":157,"column":4},"end":{"line":216,"column":4}}},"11":{"name":"canMint","line":219,"loc":{"start":{"line":219,"column":4},"end":{"line":228,"column":4}}},"12":{"name":"getRemainingDailyLimit","line":230,"loc":{"start":{"line":230,"column":4},"end":{"line":235,"column":4}}},"13":{"name":"getNextMintTime","line":237,"loc":{"start":{"line":237,"column":4},"end":{"line":239,"column":4}}},"14":{"name":"getMintingStats","line":241,"loc":{"start":{"line":241,"column":4},"end":{"line":249,"column":4}}}},"statementMap":{"1":{"start":{"line":44,"column":8},"end":{"line":44,"column":61}},"2":{"start":{"line":45,"column":8},"end":{"line":45,"column":1985}},"3":{"start":{"line":47,"column":12},"end":{"line":47,"column":33}},"4":{"start":{"line":49,"column":8},"end":{"line":49,"column":2107}},"5":{"start":{"line":51,"column":12},"end":{"line":51,"column":39}},"6":{"start":{"line":53,"column":8},"end":{"line":53,"column":67}},"7":{"start":{"line":55,"column":8},"end":{"line":55,"column":57}},"8":{"start":{"line":60,"column":8},"end":{"line":60,"column":61}},"9":{"start":{"line":62,"column":8},"end":{"line":62,"column":29}},"10":{"start":{"line":66,"column":8},"end":{"line":66,"column":64}},"11":{"start":{"line":68,"column":8},"end":{"line":68,"column":35}},"12":{"start":{"line":72,"column":8},"end":{"line":72,"column":67}},"13":{"start":{"line":73,"column":8},"end":{"line":73,"column":33}},"14":{"start":{"line":75,"column":8},"end":{"line":75,"column":50}},"15":{"start":{"line":86,"column":8},"end":{"line":86,"column":71}},"16":{"start":{"line":90,"column":8},"end":{"line":90,"column":15}},"17":{"start":{"line":94,"column":8},"end":{"line":94,"column":17}},"18":{"start":{"line":110,"column":8},"end":{"line":110,"column":69}},"19":{"start":{"line":111,"column":8},"end":{"line":111,"column":75}},"20":{"start":{"line":112,"column":8},"end":{"line":112,"column":66}},"21":{"start":{"line":113,"column":8},"end":{"line":113,"column":66}},"22":{"start":{"line":114,"column":8},"end":{"line":114,"column":54}},"23":{"start":{"line":115,"column":8},"end":{"line":115,"column":75}},"24":{"start":{"line":116,"column":8},"end":{"line":116,"column":57}},"25":{"start":{"line":119,"column":8},"end":{"line":119,"column":4641}},"26":{"start":{"line":124,"column":8},"end":{"line":124,"column":53}},"27":{"start":{"line":125,"column":8},"end":{"line":125,"column":4859}},"28":{"start":{"line":131,"column":8},"end":{"line":131,"column":5070}},"29":{"start":{"line":136,"column":8},"end":{"line":136,"column":68}},"30":{"start":{"line":137,"column":8},"end":{"line":137,"column":45}},"31":{"start":{"line":147,"column":8},"end":{"line":147,"column":38}},"32":{"start":{"line":153,"column":8},"end":{"line":153,"column":69}},"33":{"start":{"line":163,"column":8},"end":{"line":163,"column":6187}},"34":{"start":{"line":169,"column":8},"end":{"line":169,"column":69}},"35":{"start":{"line":170,"column":8},"end":{"line":170,"column":75}},"36":{"start":{"line":172,"column":8},"end":{"line":172,"column":53}},"37":{"start":{"line":174,"column":8},"end":{"line":174,"column":6609}},"38":{"start":{"line":175,"column":12},"end":{"line":175,"column":47}},"39":{"start":{"line":176,"column":12},"end":{"line":176,"column":39}},"40":{"start":{"line":177,"column":12},"end":{"line":177,"column":44}},"41":{"start":{"line":178,"column":12},"end":{"line":178,"column":37}},"42":{"start":{"line":180,"column":12},"end":{"line":180,"column":51}},"43":{"start":{"line":181,"column":12},"end":{"line":181,"column":63}},"44":{"start":{"line":182,"column":12},"end":{"line":182,"column":42}},"45":{"start":{"line":185,"column":12},"end":{"line":185,"column":83}},"46":{"start":{"line":188,"column":12},"end":{"line":188,"column":7266}},"47":{"start":{"line":193,"column":12},"end":{"line":193,"column":78}},"48":{"start":{"line":196,"column":12},"end":{"line":196,"column":7604}},"49":{"start":{"line":197,"column":16},"end":{"line":197,"column":33}},"50":{"start":{"line":208,"column":12},"end":{"line":208,"column":42}},"51":{"start":{"line":214,"column":12},"end":{"line":214,"column":73}},"52":{"start":{"line":220,"column":8},"end":{"line":220,"column":34}},"53":{"start":{"line":220,"column":22},"end":{"line":220,"column":34}},"54":{"start":{"line":221,"column":8},"end":{"line":221,"column":63}},"55":{"start":{"line":221,"column":51},"end":{"line":221,"column":63}},"56":{"start":{"line":222,"column":8},"end":{"line":222,"column":76}},"57":{"start":{"line":222,"column":64},"end":{"line":222,"column":76}},"58":{"start":{"line":224,"column":8},"end":{"line":224,"column":53}},"59":{"start":{"line":225,"column":8},"end":{"line":225,"column":89}},"60":{"start":{"line":227,"column":8},"end":{"line":227,"column":51}},"61":{"start":{"line":231,"column":8},"end":{"line":231,"column":53}},"62":{"start":{"line":232,"column":8},"end":{"line":232,"column":89}},"63":{"start":{"line":234,"column":8},"end":{"line":234,"column":75}},"64":{"start":{"line":238,"column":8},"end":{"line":238,"column":47}}},"branchMap":{"1":{"line":44,"type":"if","locations":[{"start":{"line":44,"column":8},"end":{"line":44,"column":8}},{"start":{"line":44,"column":8},"end":{"line":44,"column":8}}]},"2":{"line":45,"type":"if","locations":[{"start":{"line":45,"column":8},"end":{"line":45,"column":8}},{"start":{"line":45,"column":8},"end":{"line":45,"column":8}}]},"3":{"line":49,"type":"if","locations":[{"start":{"line":49,"column":8},"end":{"line":49,"column":8}},{"start":{"line":49,"column":8},"end":{"line":49,"column":8}}]},"4":{"line":53,"type":"if","locations":[{"start":{"line":53,"column":8},"end":{"line":53,"column":8}},{"start":{"line":53,"column":8},"end":{"line":53,"column":8}}]},"5":{"line":59,"type":"if","locations":[{"start":{"line":59,"column":47},"end":{"line":59,"column":47}},{"start":{"line":59,"column":47},"end":{"line":59,"column":47}}]},"6":{"line":60,"type":"if","locations":[{"start":{"line":60,"column":8},"end":{"line":60,"column":8}},{"start":{"line":60,"column":8},"end":{"line":60,"column":8}}]},"7":{"line":65,"type":"if","locations":[{"start":{"line":65,"column":53},"end":{"line":65,"column":53}},{"start":{"line":65,"column":53},"end":{"line":65,"column":53}}]},"8":{"line":66,"type":"if","locations":[{"start":{"line":66,"column":8},"end":{"line":66,"column":8}},{"start":{"line":66,"column":8},"end":{"line":66,"column":8}}]},"9":{"line":71,"type":"if","locations":[{"start":{"line":71,"column":59},"end":{"line":71,"column":59}},{"start":{"line":71,"column":59},"end":{"line":71,"column":59}}]},"10":{"line":72,"type":"if","locations":[{"start":{"line":72,"column":8},"end":{"line":72,"column":8}},{"start":{"line":72,"column":8},"end":{"line":72,"column":8}}]},"11":{"line":82,"type":"if","locations":[{"start":{"line":82,"column":15},"end":{"line":82,"column":15}},{"start":{"line":82,"column":15},"end":{"line":82,"column":15}}]},"12":{"line":89,"type":"if","locations":[{"start":{"line":89,"column":30},"end":{"line":89,"column":30}},{"start":{"line":89,"column":30},"end":{"line":89,"column":30}}]},"13":{"line":93,"type":"if","locations":[{"start":{"line":93,"column":32},"end":{"line":93,"column":32}},{"start":{"line":93,"column":32},"end":{"line":93,"column":32}}]},"14":{"line":98,"type":"if","locations":[{"start":{"line":98,"column":70},"end":{"line":98,"column":70}},{"start":{"line":98,"column":70},"end":{"line":98,"column":70}}]},"15":{"line":109,"type":"if","locations":[{"start":{"line":109,"column":15},"end":{"line":109,"column":15}},{"start":{"line":109,"column":15},"end":{"line":109,"column":15}}]},"16":{"line":109,"type":"if","locations":[{"start":{"line":109,"column":29},"end":{"line":109,"column":29}},{"start":{"line":109,"column":29},"end":{"line":109,"column":29}}]},"17":{"line":110,"type":"if","locations":[{"start":{"line":110,"column":8},"end":{"line":110,"column":8}},{"start":{"line":110,"column":8},"end":{"line":110,"column":8}}]},"18":{"line":111,"type":"if","locations":[{"start":{"line":111,"column":8},"end":{"line":111,"column":8}},{"start":{"line":111,"column":8},"end":{"line":111,"column":8}}]},"19":{"line":112,"type":"if","locations":[{"start":{"line":112,"column":8},"end":{"line":112,"column":8}},{"start":{"line":112,"column":8},"end":{"line":112,"column":8}}]},"20":{"line":113,"type":"if","locations":[{"start":{"line":113,"column":8},"end":{"line":113,"column":8}},{"start":{"line":113,"column":8},"end":{"line":113,"column":8}}]},"21":{"line":114,"type":"if","locations":[{"start":{"line":114,"column":8},"end":{"line":114,"column":8}},{"start":{"line":114,"column":8},"end":{"line":114,"column":8}}]},"22":{"line":115,"type":"if","locations":[{"start":{"line":115,"column":8},"end":{"line":115,"column":8}},{"start":{"line":115,"column":8},"end":{"line":115,"column":8}}]},"23":{"line":116,"type":"if","locations":[{"start":{"line":116,"column":8},"end":{"line":116,"column":8}},{"start":{"line":116,"column":8},"end":{"line":116,"column":8}}]},"24":{"line":119,"type":"if","locations":[{"start":{"line":119,"column":8},"end":{"line":119,"column":8}},{"start":{"line":119,"column":8},"end":{"line":119,"column":8}}]},"25":{"line":125,"type":"if","locations":[{"start":{"line":125,"column":8},"end":{"line":125,"column":8}},{"start":{"line":125,"column":8},"end":{"line":125,"column":8}}]},"26":{"line":131,"type":"if","locations":[{"start":{"line":131,"column":8},"end":{"line":131,"column":8}},{"start":{"line":131,"column":8},"end":{"line":131,"column":8}}]},"27":{"line":137,"type":"if","locations":[{"start":{"line":137,"column":8},"end":{"line":137,"column":8}},{"start":{"line":137,"column":8},"end":{"line":137,"column":8}}]},"28":{"line":162,"type":"if","locations":[{"start":{"line":162,"column":15},"end":{"line":162,"column":15}},{"start":{"line":162,"column":15},"end":{"line":162,"column":15}}]},"29":{"line":162,"type":"if","locations":[{"start":{"line":162,"column":29},"end":{"line":162,"column":29}},{"start":{"line":162,"column":29},"end":{"line":162,"column":29}}]},"30":{"line":163,"type":"if","locations":[{"start":{"line":163,"column":8},"end":{"line":163,"column":8}},{"start":{"line":163,"column":8},"end":{"line":163,"column":8}}]},"31":{"line":163,"type":"cond-expr","locations":[{"start":{"line":163,"column":12},"end":{"line":163,"column":46}},{"start":{"line":164,"column":12},"end":{"line":164,"column":42}}]},"32":{"line":163,"type":"cond-expr","locations":[{"start":{"line":163,"column":12},"end":{"line":164,"column":42}},{"start":{"line":165,"column":12},"end":{"line":165,"column":41}}]},"33":{"line":169,"type":"if","locations":[{"start":{"line":169,"column":8},"end":{"line":169,"column":8}},{"start":{"line":169,"column":8},"end":{"line":169,"column":8}}]},"34":{"line":170,"type":"if","locations":[{"start":{"line":170,"column":8},"end":{"line":170,"column":8}},{"start":{"line":170,"column":8},"end":{"line":170,"column":8}}]},"35":{"line":180,"type":"if","locations":[{"start":{"line":180,"column":12},"end":{"line":180,"column":12}},{"start":{"line":180,"column":12},"end":{"line":180,"column":12}}]},"36":{"line":181,"type":"if","locations":[{"start":{"line":181,"column":12},"end":{"line":181,"column":12}},{"start":{"line":181,"column":12},"end":{"line":181,"column":12}}]},"37":{"line":181,"type":"cond-expr","locations":[{"start":{"line":181,"column":16},"end":{"line":181,"column":26}},{"start":{"line":181,"column":31},"end":{"line":181,"column":52}}]},"38":{"line":182,"type":"if","locations":[{"start":{"line":182,"column":12},"end":{"line":182,"column":12}},{"start":{"line":182,"column":12},"end":{"line":182,"column":12}}]},"39":{"line":185,"type":"if","locations":[{"start":{"line":185,"column":12},"end":{"line":185,"column":12}},{"start":{"line":185,"column":12},"end":{"line":185,"column":12}}]},"40":{"line":188,"type":"if","locations":[{"start":{"line":188,"column":12},"end":{"line":188,"column":12}},{"start":{"line":188,"column":12},"end":{"line":188,"column":12}}]},"41":{"line":193,"type":"if","locations":[{"start":{"line":193,"column":12},"end":{"line":193,"column":12}},{"start":{"line":193,"column":12},"end":{"line":193,"column":12}}]},"42":{"line":197,"type":"if","locations":[{"start":{"line":197,"column":16},"end":{"line":197,"column":16}},{"start":{"line":197,"column":16},"end":{"line":197,"column":16}}]},"43":{"line":220,"type":"if","locations":[{"start":{"line":220,"column":8},"end":{"line":220,"column":8}},{"start":{"line":220,"column":8},"end":{"line":220,"column":8}}]},"44":{"line":221,"type":"if","locations":[{"start":{"line":221,"column":8},"end":{"line":221,"column":8}},{"start":{"line":221,"column":8},"end":{"line":221,"column":8}}]},"45":{"line":221,"type":"cond-expr","locations":[{"start":{"line":221,"column":12},"end":{"line":221,"column":22}},{"start":{"line":221,"column":27},"end":{"line":221,"column":48}}]},"46":{"line":222,"type":"if","locations":[{"start":{"line":222,"column":8},"end":{"line":222,"column":8}},{"start":{"line":222,"column":8},"end":{"line":222,"column":8}}]},"47":{"line":225,"type":"if","locations":[{"start":{"line":225,"column":64},"end":{"line":225,"column":84}},{"start":{"line":225,"column":88},"end":{"line":225,"column":88}}]},"48":{"line":232,"type":"if","locations":[{"start":{"line":232,"column":64},"end":{"line":232,"column":84}},{"start":{"line":232,"column":88},"end":{"line":232,"column":88}}]},"49":{"line":234,"type":"if","locations":[{"start":{"line":234,"column":45},"end":{"line":234,"column":45}},{"start":{"line":234,"column":49},"end":{"line":234,"column":74}}]},"50":{"line":248,"type":"if","locations":[{"start":{"line":248,"column":43},"end":{"line":248,"column":66}},{"start":{"line":248,"column":70},"end":{"line":248,"column":70}}]}}},"contracts/src/tokens/Neurons.sol":{"l":{"36":23,"37":23,"42":21,"43":21,"44":20,"46":1,"48":21,"52":3,"53":3,"54":2,"56":1,"58":3,"62":1,"66":1,"72":17,"73":16,"75":15,"76":15,"78":14,"87":3,"89":2,"90":2,"91":5,"92":5,"93":5,"97":2,"99":1,"101":1,"102":3,"103":3,"108":3,"110":2,"111":2,"113":2,"117":1,"118":1,"120":1,"121":1,"123":1,"128":2,"132":2,"136":2,"144":24,"148":22,"149":18,"159":0,"168":2},"path":"/mnt/d/Rede/Github/ThinkinCoin/Neurons/contracts/src/tokens/Neurons.sol","s":{"1":23,"2":23,"3":21,"4":21,"5":20,"6":1,"7":21,"8":3,"9":3,"10":2,"11":1,"12":3,"13":1,"14":1,"15":17,"16":16,"17":15,"18":14,"19":3,"20":2,"21":2,"22":5,"23":5,"24":2,"25":1,"26":3,"27":3,"28":3,"29":2,"30":2,"31":1,"32":1,"33":1,"34":1,"35":2,"36":2,"37":2,"38":24,"39":22,"40":18,"41":0,"42":2},"b":{"1":[0,23],"2":[21,1],"3":[0,21],"4":[20,1],"5":[3,1],"6":[0,3],"7":[2,1],"8":[1,0],"9":[1,0],"10":[18,1],"11":[17,1],"12":[1,16],"13":[1,15],"14":[3,0],"15":[3,0],"16":[1,2],"17":[0,5],"18":[0,5],"19":[1,1],"20":[3,1],"21":[1,2],"22":[2,0],"23":[1,1],"24":[0,1],"25":[0,1],"26":[18,4]},"f":{"1":23,"2":21,"3":3,"4":1,"5":1,"6":17,"7":3,"8":3,"9":1,"10":2,"11":2,"12":2,"13":24,"14":0,"15":2},"fnMap":{"1":{"name":"constructor","line":34,"loc":{"start":{"line":30,"column":4},"end":{"line":38,"column":4}}},"2":{"name":"setMinter","line":41,"loc":{"start":{"line":41,"column":4},"end":{"line":49,"column":4}}},"3":{"name":"setBurner","line":51,"loc":{"start":{"line":51,"column":4},"end":{"line":59,"column":4}}},"4":{"name":"pause","line":61,"loc":{"start":{"line":61,"column":4},"end":{"line":63,"column":4}}},"5":{"name":"unpause","line":65,"loc":{"start":{"line":65,"column":4},"end":{"line":67,"column":4}}},"6":{"name":"mint","line":71,"loc":{"start":{"line":71,"column":4},"end":{"line":79,"column":4}}},"7":{"name":"batchMint","line":85,"loc":{"start":{"line":82,"column":4},"end":{"line":105,"column":4}}},"8":{"name":"burn","line":107,"loc":{"start":{"line":107,"column":4},"end":{"line":114,"column":4}}},"9":{"name":"burnFrom","line":116,"loc":{"start":{"line":116,"column":4},"end":{"line":124,"column":4}}},"10":{"name":"remainingSupply","line":127,"loc":{"start":{"line":127,"column":4},"end":{"line":129,"column":4}}},"11":{"name":"isMinter","line":131,"loc":{"start":{"line":131,"column":4},"end":{"line":133,"column":4}}},"12":{"name":"isBurner","line":135,"loc":{"start":{"line":135,"column":4},"end":{"line":137,"column":4}}},"13":{"name":"_update","line":140,"loc":{"start":{"line":140,"column":4},"end":{"line":151,"column":4}}},"14":{"name":"supportsInterface","line":153,"loc":{"start":{"line":153,"column":4},"end":{"line":160,"column":4}}},"15":{"name":"nonces","line":162,"loc":{"start":{"line":162,"column":4},"end":{"line":169,"column":4}}}},"statementMap":{"1":{"start":{"line":36,"column":8},"end":{"line":36,"column":61}},"2":{"start":{"line":37,"column":8},"end":{"line":37,"column":45}},"3":{"start":{"line":42,"column":8},"end":{"line":42,"column":61}},"4":{"start":{"line":43,"column":8},"end":{"line":43,"column":2141}},"5":{"start":{"line":44,"column":12},"end":{"line":44,"column":42}},"6":{"start":{"line":46,"column":12},"end":{"line":46,"column":43}},"7":{"start":{"line":48,"column":8},"end":{"line":48,"column":43}},"8":{"start":{"line":52,"column":8},"end":{"line":52,"column":61}},"9":{"start":{"line":53,"column":8},"end":{"line":53,"column":2481}},"10":{"start":{"line":54,"column":12},"end":{"line":54,"column":42}},"11":{"start":{"line":56,"column":12},"end":{"line":56,"column":43}},"12":{"start":{"line":58,"column":8},"end":{"line":58,"column":43}},"13":{"start":{"line":62,"column":8},"end":{"line":62,"column":15}},"14":{"start":{"line":66,"column":8},"end":{"line":66,"column":17}},"15":{"start":{"line":72,"column":8},"end":{"line":72,"column":57}},"16":{"start":{"line":73,"column":8},"end":{"line":73,"column":54}},"17":{"start":{"line":76,"column":8},"end":{"line":76,"column":24}},"18":{"start":{"line":78,"column":8},"end":{"line":78,"column":49}},"19":{"start":{"line":87,"column":8},"end":{"line":87,"column":84}},"20":{"start":{"line":89,"column":8},"end":{"line":89,"column":31}},"21":{"start":{"line":90,"column":8},"end":{"line":90,"column":3677}},"22":{"start":{"line":91,"column":12},"end":{"line":91,"column":72}},"23":{"start":{"line":92,"column":12},"end":{"line":92,"column":62}},"24":{"start":{"line":97,"column":8},"end":{"line":97,"column":76}},"25":{"start":{"line":101,"column":8},"end":{"line":101,"column":4112}},"26":{"start":{"line":102,"column":12},"end":{"line":102,"column":43}},"27":{"start":{"line":103,"column":12},"end":{"line":103,"column":68}},"28":{"start":{"line":108,"column":8},"end":{"line":108,"column":54}},"29":{"start":{"line":111,"column":8},"end":{"line":111,"column":32}},"30":{"start":{"line":113,"column":8},"end":{"line":113,"column":57}},"31":{"start":{"line":117,"column":8},"end":{"line":117,"column":62}},"32":{"start":{"line":118,"column":8},"end":{"line":118,"column":54}},"33":{"start":{"line":121,"column":8},"end":{"line":121,"column":29}},"34":{"start":{"line":123,"column":8},"end":{"line":123,"column":54}},"35":{"start":{"line":128,"column":8},"end":{"line":128,"column":36}},"36":{"start":{"line":132,"column":8},"end":{"line":132,"column":44}},"37":{"start":{"line":136,"column":8},"end":{"line":136,"column":44}},"38":{"start":{"line":144,"column":8},"end":{"line":144,"column":37}},"39":{"start":{"line":148,"column":8},"end":{"line":148,"column":5750}},"40":{"start":{"line":149,"column":12},"end":{"line":149,"column":28}},"41":{"start":{"line":159,"column":8},"end":{"line":159,"column":51}},"42":{"start":{"line":168,"column":8},"end":{"line":168,"column":34}}},"branchMap":{"1":{"line":36,"type":"if","locations":[{"start":{"line":36,"column":8},"end":{"line":36,"column":8}},{"start":{"line":36,"column":8},"end":{"line":36,"column":8}}]},"2":{"line":41,"type":"if","locations":[{"start":{"line":41,"column":62},"end":{"line":41,"column":62}},{"start":{"line":41,"column":62},"end":{"line":41,"column":62}}]},"3":{"line":42,"type":"if","locations":[{"start":{"line":42,"column":8},"end":{"line":42,"column":8}},{"start":{"line":42,"column":8},"end":{"line":42,"column":8}}]},"4":{"line":43,"type":"if","locations":[{"start":{"line":43,"column":8},"end":{"line":43,"column":8}},{"start":{"line":43,"column":8},"end":{"line":43,"column":8}}]},"5":{"line":51,"type":"if","locations":[{"start":{"line":51,"column":62},"end":{"line":51,"column":62}},{"start":{"line":51,"column":62},"end":{"line":51,"column":62}}]},"6":{"line":52,"type":"if","locations":[{"start":{"line":52,"column":8},"end":{"line":52,"column":8}},{"start":{"line":52,"column":8},"end":{"line":52,"column":8}}]},"7":{"line":53,"type":"if","locations":[{"start":{"line":53,"column":8},"end":{"line":53,"column":8}},{"start":{"line":53,"column":8},"end":{"line":53,"column":8}}]},"8":{"line":61,"type":"if","locations":[{"start":{"line":61,"column":30},"end":{"line":61,"column":30}},{"start":{"line":61,"column":30},"end":{"line":61,"column":30}}]},"9":{"line":65,"type":"if","locations":[{"start":{"line":65,"column":32},"end":{"line":65,"column":32}},{"start":{"line":65,"column":32},"end":{"line":65,"column":32}}]},"10":{"line":71,"type":"if","locations":[{"start":{"line":71,"column":55},"end":{"line":71,"column":55}},{"start":{"line":71,"column":55},"end":{"line":71,"column":55}}]},"11":{"line":71,"type":"if","locations":[{"start":{"line":71,"column":69},"end":{"line":71,"column":69}},{"start":{"line":71,"column":69},"end":{"line":71,"column":69}}]},"12":{"line":72,"type":"if","locations":[{"start":{"line":72,"column":8},"end":{"line":72,"column":8}},{"start":{"line":72,"column":8},"end":{"line":72,"column":8}}]},"13":{"line":73,"type":"if","locations":[{"start":{"line":73,"column":8},"end":{"line":73,"column":8}},{"start":{"line":73,"column":8},"end":{"line":73,"column":8}}]},"14":{"line":84,"type":"if","locations":[{"start":{"line":84,"column":8},"end":{"line":84,"column":8}},{"start":{"line":84,"column":8},"end":{"line":84,"column":8}}]},"15":{"line":85,"type":"if","locations":[{"start":{"line":85,"column":8},"end":{"line":85,"column":8}},{"start":{"line":85,"column":8},"end":{"line":85,"column":8}}]},"16":{"line":87,"type":"if","locations":[{"start":{"line":87,"column":8},"end":{"line":87,"column":8}},{"start":{"line":87,"column":8},"end":{"line":87,"column":8}}]},"17":{"line":91,"type":"if","locations":[{"start":{"line":91,"column":12},"end":{"line":91,"column":12}},{"start":{"line":91,"column":12},"end":{"line":91,"column":12}}]},"18":{"line":92,"type":"if","locations":[{"start":{"line":92,"column":12},"end":{"line":92,"column":12}},{"start":{"line":92,"column":12},"end":{"line":92,"column":12}}]},"19":{"line":97,"type":"if","locations":[{"start":{"line":97,"column":8},"end":{"line":97,"column":8}},{"start":{"line":97,"column":8},"end":{"line":97,"column":8}}]},"20":{"line":107,"type":"if","locations":[{"start":{"line":107,"column":43},"end":{"line":107,"column":43}},{"start":{"line":107,"column":43},"end":{"line":107,"column":43}}]},"21":{"line":108,"type":"if","locations":[{"start":{"line":108,"column":8},"end":{"line":108,"column":8}},{"start":{"line":108,"column":8},"end":{"line":108,"column":8}}]},"22":{"line":116,"type":"if","locations":[{"start":{"line":116,"column":64},"end":{"line":116,"column":64}},{"start":{"line":116,"column":64},"end":{"line":116,"column":64}}]},"23":{"line":116,"type":"if","locations":[{"start":{"line":116,"column":78},"end":{"line":116,"column":78}},{"start":{"line":116,"column":78},"end":{"line":116,"column":78}}]},"24":{"line":117,"type":"if","locations":[{"start":{"line":117,"column":8},"end":{"line":117,"column":8}},{"start":{"line":117,"column":8},"end":{"line":117,"column":8}}]},"25":{"line":118,"type":"if","locations":[{"start":{"line":118,"column":8},"end":{"line":118,"column":8}},{"start":{"line":118,"column":8},"end":{"line":118,"column":8}}]},"26":{"line":148,"type":"if","locations":[{"start":{"line":148,"column":8},"end":{"line":148,"column":8}},{"start":{"line":148,"column":8},"end":{"line":148,"column":8}}]}}},"contracts/src/verifiers/ECDSAVerifier.sol":{"l":{"28":0,"29":0,"32":0,"37":0,"39":0,"40":0,"42":0,"47":0,"63":0,"66":0,"69":0,"79":0,"82":0,"85":0,"87":0,"97":0,"107":0},"path":"/mnt/d/Rede/Github/ThinkinCoin/Neurons/contracts/src/verifiers/ECDSAVerifier.sol","s":{"1":0,"2":0,"3":0,"4":0,"5":0,"6":0,"7":0,"8":0,"9":0,"10":0,"11":0,"12":0,"13":0,"14":0},"b":{"1":[0,0],"2":[0,0],"3":[0,0],"4":[0,0],"5":[0,0],"6":[0,0]},"f":{"1":0,"2":0,"3":0,"4":0,"5":0},"fnMap":{"1":{"name":"constructor","line":26,"loc":{"start":{"line":24,"column":4},"end":{"line":33,"column":4}}},"2":{"name":"setTrustedSigner","line":36,"loc":{"start":{"line":36,"column":4},"end":{"line":43,"column":4}}},"3":{"name":"domainSeparator","line":46,"loc":{"start":{"line":46,"column":4},"end":{"line":48,"column":4}}},"4":{"name":"verify","line":56,"loc":{"start":{"line":56,"column":4},"end":{"line":88,"column":4}}},"5":{"name":"buildMessageHash","line":91,"loc":{"start":{"line":91,"column":4},"end":{"line":108,"column":4}}}},"statementMap":{"1":{"start":{"line":28,"column":8},"end":{"line":28,"column":1043}},"2":{"start":{"line":37,"column":8},"end":{"line":37,"column":64}},"3":{"start":{"line":39,"column":8},"end":{"line":39,"column":41}},"4":{"start":{"line":42,"column":8},"end":{"line":42,"column":55}},"5":{"start":{"line":47,"column":8},"end":{"line":47,"column":35}},"6":{"start":{"line":63,"column":8},"end":{"line":63,"column":86}},"7":{"start":{"line":66,"column":8},"end":{"line":66,"column":66}},"8":{"start":{"line":69,"column":8},"end":{"line":69,"column":2504}},"9":{"start":{"line":79,"column":8},"end":{"line":79,"column":58}},"10":{"start":{"line":82,"column":8},"end":{"line":82,"column":55}},"11":{"start":{"line":85,"column":8},"end":{"line":85,"column":69}},"12":{"start":{"line":87,"column":8},"end":{"line":87,"column":19}},"13":{"start":{"line":97,"column":8},"end":{"line":97,"column":3293}},"14":{"start":{"line":107,"column":8},"end":{"line":107,"column":43}}},"branchMap":{"1":{"line":28,"type":"if","locations":[{"start":{"line":28,"column":8},"end":{"line":28,"column":8}},{"start":{"line":28,"column":8},"end":{"line":28,"column":8}}]},"2":{"line":28,"type":"cond-expr","locations":[{"start":{"line":28,"column":12},"end":{"line":28,"column":31}},{"start":{"line":28,"column":36},"end":{"line":28,"column":63}}]},"3":{"line":36,"type":"if","locations":[{"start":{"line":36,"column":67},"end":{"line":36,"column":67}},{"start":{"line":36,"column":67},"end":{"line":36,"column":67}}]},"4":{"line":37,"type":"if","locations":[{"start":{"line":37,"column":8},"end":{"line":37,"column":8}},{"start":{"line":37,"column":8},"end":{"line":37,"column":8}}]},"5":{"line":66,"type":"if","locations":[{"start":{"line":66,"column":8},"end":{"line":66,"column":8}},{"start":{"line":66,"column":8},"end":{"line":66,"column":8}}]},"6":{"line":85,"type":"if","locations":[{"start":{"line":85,"column":8},"end":{"line":85,"column":8}},{"start":{"line":85,"column":8},"end":{"line":85,"column":8}}]}}}}