TN:
SF:/mnt/d/Rede/Github/ThinkinCoin/Neurons/contracts/src/bridge/NeuronsOFTAdapter.sol
FN:43,constructor
FN:50,setEndpoint
FN:56,allowRemote
FN:61,setTrustedRemote
FN:66,setBridgeMode
FN:71,pause
FN:75,unpause
FN:88,sendTokens
FN:117,estimateSendFee
FN:141,_receiveTokens
FN:180,emergencyWithdraw
FN:188,getChainStats
FN:193,isChainAllowed
FN:197,getTrustedRemote
FN:201,getBridgeStats
FNF:15
FNH:15
FNDA:12,constructor
FNDA:6,setEndpoint
FNDA:9,allowRemote
FNDA:1,setTrustedRemote
FNDA:7,setBridgeMode
FNDA:2,pause
FNDA:1,unpause
FNDA:7,sendTokens
FNDA:1,estimateSendFee
FNDA:2,_receiveTokens
FNDA:2,emergencyWithdraw
FNDA:1,getChainStats
FNDA:1,isChainAllowed
FNDA:1,getTrustedRemote
FNDA:1,getBridgeStats
DA:44,12
DA:45,11
DA:46,11
DA:51,6
DA:52,5
DA:53,5
DA:57,9
DA:58,9
DA:62,1
DA:63,1
DA:67,7
DA:68,7
DA:72,2
DA:76,1
DA:89,7
DA:90,6
DA:91,5
DA:92,4
DA:95,3
DA:97,2
DA:99,1
DA:102,1
DA:106,2
DA:107,2
DA:109,2
DA:128,1
DA:129,1
DA:132,1
DA:133,1
DA:134,1
DA:135,1
DA:136,1
DA:146,2
DA:147,2
DA:148,2
DA:150,2
DA:152,1
DA:155,1
DA:159,2
DA:160,2
DA:162,2
DA:181,2
DA:182,1
DA:189,1
DA:190,1
DA:194,1
DA:198,1
DA:207,1
DA:208,1
DA:209,1
DA:212,1
DA:213,1
DA:214,200
DA:215,2
LF:54
LH:54
BRDA:44,1,0,1
BRDA:44,1,1,11
BRDA:44,2,0,0
BRDA:44,2,1,1
BRDA:50,3,0,6
BRDA:50,3,1,1
BRDA:51,4,0,1
BRDA:51,4,1,5
BRDA:56,5,0,9
BRDA:56,5,1,0
BRDA:61,6,0,1
BRDA:61,6,1,0
BRDA:66,7,0,7
BRDA:66,7,1,0
BRDA:71,8,0,2
BRDA:71,8,1,0
BRDA:75,9,0,1
BRDA:75,9,1,0
BRDA:88,10,0,7
BRDA:88,10,1,1
BRDA:88,11,0,7
BRDA:88,11,1,0
BRDA:89,12,0,1
BRDA:89,12,1,6
BRDA:90,13,0,1
BRDA:90,13,1,5
BRDA:91,14,0,1
BRDA:91,14,1,4
BRDA:92,15,0,1
BRDA:92,15,1,3
BRDA:95,16,0,1
BRDA:95,16,1,2
BRDA:97,17,0,1
BRDA:97,17,1,1
BRDA:146,18,0,0
BRDA:146,18,1,2
BRDA:147,19,0,0
BRDA:147,19,1,2
BRDA:148,20,0,0
BRDA:148,20,1,2
BRDA:150,21,0,1
BRDA:150,21,1,1
BRDA:180,22,0,2
BRDA:180,22,1,0
BRDA:181,23,0,1
BRDA:181,23,1,1
BRDA:214,24,0,2
BRDA:214,24,1,198
BRF:48
BRH:37
end_of_record
TN:
SF:/mnt/d/Rede/Github/ThinkinCoin/Neurons/contracts/src/bridge/NeuronsProxy.sol
FN:20,onlyBridge
FN:28,constructor
FN:35,setBridge
FN:44,bridgeMint
FN:52,bridgeBurn
FN:59,_update
FN:72,nonces
FNF:7
FNH:5
FNDA:6,onlyBridge
FNDA:4,constructor
FNDA:0,setBridge
FNDA:3,bridgeMint
FNDA:1,bridgeBurn
FNDA:4,_update
FNDA:0,nonces
DA:21,6
DA:22,4
DA:30,4
DA:31,4
DA:32,4
DA:36,0
DA:37,0
DA:38,0
DA:39,0
DA:45,3
DA:46,3
DA:47,3
DA:53,1
DA:54,1
DA:55,1
DA:63,4
DA:67,4
DA:68,3
DA:78,0
LF:19
LH:14
BRDA:21,1,0,2
BRDA:21,1,1,4
BRDA:30,2,0,0
BRDA:30,2,1,4
BRDA:30,3,0,0
BRDA:30,3,1,0
BRDA:35,4,0,0
BRDA:35,4,1,0
BRDA:36,5,0,0
BRDA:36,5,1,0
BRDA:44,6,0,3
BRDA:44,6,1,1
BRDA:45,7,0,0
BRDA:45,7,1,3
BRDA:46,8,0,0
BRDA:46,8,1,3
BRDA:52,9,0,1
BRDA:52,9,1,1
BRDA:53,10,0,0
BRDA:53,10,1,1
BRDA:54,11,0,0
BRDA:54,11,1,1
BRDA:67,12,0,3
BRDA:67,12,1,1
BRF:24
BRH:13
end_of_record
TN:
SF:/mnt/d/Rede/Github/ThinkinCoin/Neurons/contracts/src/interfaces/IVerifier.sol
FNF:0
FNH:0
LF:0
LH:0
BRF:0
BRH:0
end_of_record
TN:
SF:/mnt/d/Rede/Github/ThinkinCoin/Neurons/contracts/src/libs/Errors.sol
FNF:0
FNH:0
LF:0
LH:0
BRF:0
BRH:0
end_of_record
TN:
SF:/mnt/d/Rede/Github/ThinkinCoin/Neurons/contracts/src/minters/PoKMinter.sol
FN:43,constructor
FN:59,setToken
FN:65,setVerifier
FN:71,setDaoTreasury
FN:82,setLimits
FN:89,pause
FN:93,unpause
FN:98,emergencySetNonceUsed
FN:109,mintWithProof
FN:162,batchMintWithProofs
FN:219,canMint
FN:230,getRemainingDailyLimit
FN:237,getNextMintTime
FN:241,getMintingStats
FNF:14
FNH:14
FNDA:15,constructor
FNDA:2,setToken
FNDA:2,setVerifier
FNDA:1,setDaoTreasury
FNDA:6,setLimits
FNDA:2,pause
FNDA:1,unpause
FNDA:1,emergencySetNonceUsed
FNDA:8,mintWithProof
FNDA:4,batchMintWithProofs
FNDA:4,canMint
FNDA:1,getRemainingDailyLimit
FNDA:1,getNextMintTime
FNDA:1,getMintingStats
DA:44,15
DA:45,15
DA:46,15
DA:47,15
DA:49,15
DA:50,15
DA:51,15
DA:53,15
DA:54,14
DA:55,14
DA:60,2
DA:61,1
DA:62,1
DA:66,2
DA:67,1
DA:68,1
DA:72,1
DA:73,1
DA:74,1
DA:75,1
DA:83,6
DA:84,6
DA:85,6
DA:86,6
DA:90,2
DA:94,1
DA:99,1
DA:110,8
DA:111,8
DA:112,8
DA:113,8
DA:114,8
DA:115,8
DA:116,7
DA:119,7
DA:120,1
DA:124,6
DA:125,6
DA:127,5
DA:128,5
DA:131,6
DA:132,1
DA:136,5
DA:137,5
DA:140,4
DA:143,4
DA:144,4
DA:147,4
DA:150,4
DA:151,4
DA:153,4
DA:163,4
DA:166,0
DA:169,4
DA:170,4
DA:172,4
DA:174,4
DA:175,7
DA:176,7
DA:177,7
DA:178,7
DA:180,7
DA:181,6
DA:182,5
DA:185,5
DA:188,5
DA:189,5
DA:190,5
DA:193,5
DA:196,5
DA:197,4
DA:199,1
DA:203,3
DA:204,3
DA:205,3
DA:208,3
DA:211,3
DA:212,3
DA:214,3
DA:220,4
DA:221,3
DA:222,1
DA:224,1
DA:225,1
DA:227,1
DA:231,1
DA:232,1
DA:234,1
DA:238,1
DA:246,1
DA:247,1
DA:248,1
LF:92
LH:91
BRDA:44,1,0,0
BRDA:44,1,1,15
BRDA:45,2,0,15
BRDA:45,2,1,0
BRDA:49,3,0,15
BRDA:49,3,1,0
BRDA:53,4,0,1
BRDA:53,4,1,14
BRDA:59,5,0,2
BRDA:59,5,1,1
BRDA:60,6,0,1
BRDA:60,6,1,1
BRDA:65,7,0,2
BRDA:65,7,1,1
BRDA:66,8,0,1
BRDA:66,8,1,1
BRDA:71,9,0,1
BRDA:71,9,1,1
BRDA:72,10,0,0
BRDA:72,10,1,1
BRDA:82,11,0,6
BRDA:82,11,1,0
BRDA:89,12,0,2
BRDA:89,12,1,1
BRDA:93,13,0,1
BRDA:93,13,1,0
BRDA:98,14,0,1
BRDA:98,14,1,0
BRDA:109,15,0,8
BRDA:109,15,1,0
BRDA:109,16,0,8
BRDA:109,16,1,0
BRDA:110,17,0,0
BRDA:110,17,1,8
BRDA:111,18,0,0
BRDA:111,18,1,8
BRDA:112,19,0,0
BRDA:112,19,1,8
BRDA:113,20,0,0
BRDA:113,20,1,8
BRDA:114,21,0,0
BRDA:114,21,1,8
BRDA:115,22,0,1
BRDA:115,22,1,7
BRDA:116,23,0,0
BRDA:116,23,1,7
BRDA:119,24,0,1
BRDA:119,24,1,6
BRDA:125,25,0,5
BRDA:125,25,1,1
BRDA:131,26,0,1
BRDA:131,26,1,5
BRDA:137,27,0,1
BRDA:137,27,1,4
BRDA:162,28,0,4
BRDA:162,28,1,0
BRDA:162,29,0,4
BRDA:162,29,1,0
BRDA:163,30,0,0
BRDA:163,30,1,4
BRDA:163,31,0,0
BRDA:163,31,1,0
BRDA:163,32,0,0
BRDA:163,32,1,0
BRDA:169,33,0,0
BRDA:169,33,1,4
BRDA:170,34,0,0
BRDA:170,34,1,4
BRDA:180,35,0,1
BRDA:180,35,1,6
BRDA:181,36,0,1
BRDA:181,36,1,5
BRDA:181,37,0,1
BRDA:181,37,1,0
BRDA:182,38,0,0
BRDA:182,38,1,5
BRDA:185,39,0,0
BRDA:185,39,1,5
BRDA:188,40,0,5
BRDA:188,40,1,0
BRDA:193,41,0,0
BRDA:193,41,1,5
BRDA:197,42,0,1
BRDA:197,42,1,3
BRDA:220,43,0,1
BRDA:220,43,1,3
BRDA:221,44,0,2
BRDA:221,44,1,1
BRDA:221,45,0,1
BRDA:221,45,1,1
BRDA:222,46,0,0
BRDA:222,46,1,1
BRDA:225,47,0,0
BRDA:225,47,1,1
BRDA:232,48,0,1
BRDA:232,48,1,0
BRDA:234,49,0,0
BRDA:234,49,1,1
BRDA:248,50,0,1
BRDA:248,50,1,0
BRF:100
BRH:66
end_of_record
TN:
SF:/mnt/d/Rede/Github/ThinkinCoin/Neurons/contracts/src/mocks/MockVerifier.sol
FN:18,constructor
FN:23,setMode
FN:27,verify
FN:38,setTrustedSigner
FN:42,domainSeparator
FN:46,buildMessageHash
FNF:6
FNH:6
FNDA:15,constructor
FNDA:4,setMode
FNDA:10,verify
FNDA:1,setTrustedSigner
FNDA:1,domainSeparator
FNDA:1,buildMessageHash
DA:19,15
DA:20,15
DA:24,4
DA:33,10
DA:34,9
DA:35,7
DA:39,1
DA:43,1
DA:52,1
LF:9
LH:9
BRDA:33,1,0,1
BRDA:33,1,1,9
BRDA:34,2,0,2
BRDA:34,2,1,7
BRF:4
BRH:4
end_of_record
TN:
SF:/mnt/d/Rede/Github/ThinkinCoin/Neurons/contracts/src/mocks/NeuronsOFTAdapterHarness.sol
FN:8,constructor
FN:10,receiveTokens
FNF:2
FNH:2
FNDA:11,constructor
FNDA:2,receiveTokens
DA:11,2
LF:1
LH:1
BRF:0
BRH:0
end_of_record
TN:
SF:/mnt/d/Rede/Github/ThinkinCoin/Neurons/contracts/src/tokens/Neurons.sol
FN:34,constructor
FN:41,setMinter
FN:51,setBurner
FN:61,pause
FN:65,unpause
FN:71,mint
FN:85,batchMint
FN:107,burn
FN:116,burnFrom
FN:127,remainingSupply
FN:131,isMinter
FN:135,isBurner
FN:140,_update
FN:153,supportsInterface
FN:162,nonces
FNF:15
FNH:14
FNDA:49,constructor
FNDA:47,setMinter
FNDA:4,setBurner
FNDA:1,pause
FNDA:1,unpause
FNDA:30,mint
FNDA:3,batchMint
FNDA:3,burn
FNDA:2,burnFrom
FNDA:2,remainingSupply
FNDA:2,isMinter
FNDA:2,isBurner
FNDA:41,_update
FNDA:0,supportsInterface
FNDA:2,nonces
DA:36,49
DA:37,49
DA:42,47
DA:43,47
DA:44,46
DA:46,1
DA:48,47
DA:52,4
DA:53,4
DA:54,3
DA:56,1
DA:58,4
DA:62,1
DA:66,1
DA:72,30
DA:73,29
DA:75,28
DA:76,28
DA:78,27
DA:87,3
DA:89,2
DA:90,2
DA:91,5
DA:92,5
DA:93,5
DA:97,2
DA:99,1
DA:101,1
DA:102,3
DA:103,3
DA:108,3
DA:110,2
DA:111,2
DA:113,2
DA:117,2
DA:118,2
DA:120,2
DA:121,2
DA:123,2
DA:128,2
DA:132,2
DA:136,2
DA:144,41
DA:148,39
DA:149,33
DA:159,0
DA:168,2
LF:47
LH:46
BRDA:36,1,0,0
BRDA:36,1,1,49
BRDA:41,2,0,47
BRDA:41,2,1,1
BRDA:42,3,0,0
BRDA:42,3,1,47
BRDA:43,4,0,46
BRDA:43,4,1,1
BRDA:51,5,0,4
BRDA:51,5,1,1
BRDA:52,6,0,0
BRDA:52,6,1,4
BRDA:53,7,0,3
BRDA:53,7,1,1
BRDA:61,8,0,1
BRDA:61,8,1,0
BRDA:65,9,0,1
BRDA:65,9,1,0
BRDA:71,10,0,31
BRDA:71,10,1,1
BRDA:71,11,0,30
BRDA:71,11,1,1
BRDA:72,12,0,1
BRDA:72,12,1,29
BRDA:73,13,0,1
BRDA:73,13,1,28
BRDA:84,14,0,3
BRDA:84,14,1,0
BRDA:85,15,0,3
BRDA:85,15,1,0
BRDA:87,16,0,1
BRDA:87,16,1,2
BRDA:91,17,0,0
BRDA:91,17,1,5
BRDA:92,18,0,0
BRDA:92,18,1,5
BRDA:97,19,0,1
BRDA:97,19,1,1
BRDA:107,20,0,3
BRDA:107,20,1,1
BRDA:108,21,0,1
BRDA:108,21,1,2
BRDA:116,22,0,3
BRDA:116,22,1,0
BRDA:116,23,0,2
BRDA:116,23,1,1
BRDA:117,24,0,0
BRDA:117,24,1,2
BRDA:118,25,0,0
BRDA:118,25,1,2
BRDA:148,26,0,33
BRDA:148,26,1,6
BRF:52
BRH:40
end_of_record
TN:
SF:/mnt/d/Rede/Github/ThinkinCoin/Neurons/contracts/src/verifiers/ECDSAVerifier.sol
FN:26,constructor
FN:36,setTrustedSigner
FN:46,domainSeparator
FN:56,verify
FN:91,buildMessageHash
FNF:5
FNH:5
FNDA:10,constructor
FNDA:2,setTrustedSigner
FNDA:1,domainSeparator
FNDA:3,verify
FNDA:1,buildMessageHash
DA:28,10
DA:29,1
DA:32,9
DA:37,2
DA:39,1
DA:40,1
DA:42,1
DA:47,1
DA:63,3
DA:66,3
DA:69,2
DA:79,2
DA:82,2
DA:85,2
DA:87,1
DA:97,1
DA:107,1
LF:17
LH:17
BRDA:28,1,0,1
BRDA:28,1,1,9
BRDA:28,2,0,0
BRDA:28,2,1,1
BRDA:36,3,0,2
BRDA:36,3,1,1
BRDA:37,4,0,1
BRDA:37,4,1,1
BRDA:66,5,0,1
BRDA:66,5,1,2
BRDA:85,6,0,1
BRDA:85,6,1,1
BRF:12
BRH:11
end_of_record
