TN:
SF:/mnt/d/Rede/Github/ThinkinCoin/Neurons/contracts/src/bridge/NeuronsOFTAdapter.sol
FN:43,constructor
FN:50,setEndpoint
FN:56,allowRemote
FN:61,setTrustedRemote
FN:66,setBridgeMode
FN:71,pause
FN:75,unpause
FN:88,sendTokens
FN:117,estimateSendFee
FN:141,_receiveTokens
FN:180,emergencyWithdraw
FN:188,getChainStats
FN:193,isChainAllowed
FN:197,getTrustedRemote
FN:201,getBridgeStats
FNF:15
FNH:14
FNDA:10,constructor
FNDA:5,setEndpoint
FNDA:8,allowRemote
FNDA:1,setTrustedRemote
FNDA:7,setBridgeMode
FNDA:1,pause
FNDA:1,unpause
FNDA:7,sendTokens
FNDA:0,estimateSendFee
FNDA:2,_receiveTokens
FNDA:2,emergencyWithdraw
FNDA:1,getChainStats
FNDA:1,isChainAllowed
FNDA:1,getTrustedRemote
FNDA:1,getBridgeStats
DA:44,10
DA:45,9
DA:46,9
DA:51,5
DA:52,4
DA:53,4
DA:57,8
DA:58,8
DA:62,1
DA:63,1
DA:67,7
DA:68,7
DA:72,1
DA:76,1
DA:89,7
DA:90,6
DA:91,5
DA:92,4
DA:95,3
DA:97,2
DA:99,1
DA:102,1
DA:106,2
DA:107,2
DA:109,2
DA:128,0
DA:129,0
DA:132,0
DA:133,0
DA:134,0
DA:135,0
DA:136,0
DA:146,2
DA:147,2
DA:148,2
DA:150,2
DA:152,1
DA:155,1
DA:159,2
DA:160,2
DA:162,2
DA:181,2
DA:182,1
DA:189,1
DA:190,1
DA:194,1
DA:198,1
DA:207,1
DA:208,1
DA:209,1
DA:212,1
DA:213,1
DA:214,200
DA:215,2
LF:54
LH:47
BRDA:44,1,0,1
BRDA:44,1,1,9
BRDA:44,2,0,0
BRDA:44,2,1,1
BRDA:50,3,0,5
BRDA:50,3,1,1
BRDA:51,4,0,1
BRDA:51,4,1,4
BRDA:56,5,0,8
BRDA:56,5,1,0
BRDA:61,6,0,1
BRDA:61,6,1,0
BRDA:66,7,0,7
BRDA:66,7,1,0
BRDA:71,8,0,1
BRDA:71,8,1,0
BRDA:75,9,0,1
BRDA:75,9,1,0
BRDA:88,10,0,7
BRDA:88,10,1,0
BRDA:88,11,0,7
BRDA:88,11,1,0
BRDA:89,12,0,1
BRDA:89,12,1,6
BRDA:90,13,0,1
BRDA:90,13,1,5
BRDA:91,14,0,1
BRDA:91,14,1,4
BRDA:92,15,0,1
BRDA:92,15,1,3
BRDA:95,16,0,1
BRDA:95,16,1,2
BRDA:97,17,0,1
BRDA:97,17,1,1
BRDA:146,18,0,0
BRDA:146,18,1,2
BRDA:147,19,0,0
BRDA:147,19,1,2
BRDA:148,20,0,0
BRDA:148,20,1,2
BRDA:150,21,0,1
BRDA:150,21,1,1
BRDA:180,22,0,2
BRDA:180,22,1,0
BRDA:181,23,0,1
BRDA:181,23,1,1
BRDA:214,24,0,2
BRDA:214,24,1,198
BRF:48
BRH:36
end_of_record
TN:
SF:/mnt/d/Rede/Github/ThinkinCoin/Neurons/contracts/src/bridge/NeuronsProxy.sol
FN:20,onlyBridge
FN:28,constructor
FN:35,setBridge
FN:44,bridgeMint
FN:52,bridgeBurn
FN:59,_update
FN:72,nonces
FNF:7
FNH:5
FNDA:6,onlyBridge
FNDA:4,constructor
FNDA:0,setBridge
FNDA:3,bridgeMint
FNDA:1,bridgeBurn
FNDA:4,_update
FNDA:0,nonces
DA:21,6
DA:22,4
DA:30,4
DA:31,4
DA:32,4
DA:36,0
DA:37,0
DA:38,0
DA:39,0
DA:45,3
DA:46,3
DA:47,3
DA:53,1
DA:54,1
DA:55,1
DA:63,4
DA:67,4
DA:68,3
DA:78,0
LF:19
LH:14
BRDA:21,1,0,2
BRDA:21,1,1,4
BRDA:30,2,0,0
BRDA:30,2,1,4
BRDA:30,3,0,0
BRDA:30,3,1,0
BRDA:35,4,0,0
BRDA:35,4,1,0
BRDA:36,5,0,0
BRDA:36,5,1,0
BRDA:44,6,0,3
BRDA:44,6,1,1
BRDA:45,7,0,0
BRDA:45,7,1,3
BRDA:46,8,0,0
BRDA:46,8,1,3
BRDA:52,9,0,1
BRDA:52,9,1,1
BRDA:53,10,0,0
BRDA:53,10,1,1
BRDA:54,11,0,0
BRDA:54,11,1,1
BRDA:67,12,0,3
BRDA:67,12,1,1
BRF:24
BRH:13
end_of_record
TN:
SF:/mnt/d/Rede/Github/ThinkinCoin/Neurons/contracts/src/interfaces/IVerifier.sol
FNF:0
FNH:0
LF:0
LH:0
BRF:0
BRH:0
end_of_record
TN:
SF:/mnt/d/Rede/Github/ThinkinCoin/Neurons/contracts/src/libs/Errors.sol
FNF:0
FNH:0
LF:0
LH:0
BRF:0
BRH:0
end_of_record
TN:
SF:/mnt/d/Rede/Github/ThinkinCoin/Neurons/contracts/src/minters/PoKMinter.sol
FN:43,constructor
FN:59,setToken
FN:65,setVerifier
FN:71,setDaoTreasury
FN:82,setLimits
FN:89,pause
FN:93,unpause
FN:98,emergencySetNonceUsed
FN:109,mintWithProof
FN:162,batchMintWithProofs
FN:219,canMint
FN:230,getRemainingDailyLimit
FN:237,getNextMintTime
FN:241,getMintingStats
FNF:14
FNH:11
FNDA:11,constructor
FNDA:0,setToken
FNDA:0,setVerifier
FNDA:1,setDaoTreasury
FNDA:6,setLimits
FNDA:1,pause
FNDA:1,unpause
FNDA:0,emergencySetNonceUsed
FNDA:8,mintWithProof
FNDA:4,batchMintWithProofs
FNDA:3,canMint
FNDA:1,getRemainingDailyLimit
FNDA:1,getNextMintTime
FNDA:1,getMintingStats
DA:44,11
DA:45,11
DA:46,11
DA:47,11
DA:49,11
DA:50,11
DA:51,11
DA:53,11
DA:54,10
DA:55,10
DA:60,0
DA:61,0
DA:62,0
DA:66,0
DA:67,0
DA:68,0
DA:72,1
DA:73,1
DA:74,1
DA:75,1
DA:83,6
DA:84,6
DA:85,6
DA:86,6
DA:90,1
DA:94,1
DA:99,0
DA:110,8
DA:111,8
DA:112,8
DA:113,8
DA:114,8
DA:115,8
DA:116,7
DA:119,7
DA:120,1
DA:124,6
DA:125,6
DA:127,5
DA:128,5
DA:131,6
DA:132,1
DA:136,5
DA:137,5
DA:140,4
DA:143,4
DA:144,4
DA:147,4
DA:150,4
DA:151,4
DA:153,4
DA:163,4
DA:166,0
DA:169,4
DA:170,4
DA:172,4
DA:174,4
DA:175,7
DA:176,7
DA:177,7
DA:178,7
DA:180,7
DA:181,6
DA:182,5
DA:185,5
DA:188,5
DA:189,5
DA:190,5
DA:193,5
DA:196,5
DA:197,4
DA:199,1
DA:203,3
DA:204,3
DA:205,3
DA:208,3
DA:211,3
DA:212,3
DA:214,3
DA:220,3
DA:221,3
DA:222,1
DA:224,1
DA:225,1
DA:227,1
DA:231,1
DA:232,1
DA:234,1
DA:238,1
DA:246,1
DA:247,1
DA:248,1
LF:92
LH:84
BRDA:44,1,0,0
BRDA:44,1,1,11
BRDA:45,2,0,11
BRDA:45,2,1,0
BRDA:49,3,0,11
BRDA:49,3,1,0
BRDA:53,4,0,1
BRDA:53,4,1,10
BRDA:59,5,0,0
BRDA:59,5,1,0
BRDA:60,6,0,0
BRDA:60,6,1,0
BRDA:65,7,0,0
BRDA:65,7,1,0
BRDA:66,8,0,0
BRDA:66,8,1,0
BRDA:71,9,0,1
BRDA:71,9,1,1
BRDA:72,10,0,0
BRDA:72,10,1,1
BRDA:82,11,0,6
BRDA:82,11,1,0
BRDA:89,12,0,1
BRDA:89,12,1,1
BRDA:93,13,0,1
BRDA:93,13,1,0
BRDA:98,14,0,0
BRDA:98,14,1,0
BRDA:109,15,0,8
BRDA:109,15,1,0
BRDA:109,16,0,8
BRDA:109,16,1,0
BRDA:110,17,0,0
BRDA:110,17,1,8
BRDA:111,18,0,0
BRDA:111,18,1,8
BRDA:112,19,0,0
BRDA:112,19,1,8
BRDA:113,20,0,0
BRDA:113,20,1,8
BRDA:114,21,0,0
BRDA:114,21,1,8
BRDA:115,22,0,1
BRDA:115,22,1,7
BRDA:116,23,0,0
BRDA:116,23,1,7
BRDA:119,24,0,1
BRDA:119,24,1,6
BRDA:125,25,0,5
BRDA:125,25,1,1
BRDA:131,26,0,1
BRDA:131,26,1,5
BRDA:137,27,0,1
BRDA:137,27,1,4
BRDA:162,28,0,4
BRDA:162,28,1,0
BRDA:162,29,0,4
BRDA:162,29,1,0
BRDA:163,30,0,0
BRDA:163,30,1,4
BRDA:163,31,0,0
BRDA:163,31,1,0
BRDA:163,32,0,0
BRDA:163,32,1,0
BRDA:169,33,0,0
BRDA:169,33,1,4
BRDA:170,34,0,0
BRDA:170,34,1,4
BRDA:180,35,0,1
BRDA:180,35,1,6
BRDA:181,36,0,1
BRDA:181,36,1,5
BRDA:181,37,0,1
BRDA:181,37,1,0
BRDA:182,38,0,0
BRDA:182,38,1,5
BRDA:185,39,0,0
BRDA:185,39,1,5
BRDA:188,40,0,5
BRDA:188,40,1,0
BRDA:193,41,0,0
BRDA:193,41,1,5
BRDA:197,42,0,1
BRDA:197,42,1,3
BRDA:220,43,0,0
BRDA:220,43,1,3
BRDA:221,44,0,2
BRDA:221,44,1,1
BRDA:221,45,0,1
BRDA:221,45,1,1
BRDA:222,46,0,0
BRDA:222,46,1,1
BRDA:225,47,0,0
BRDA:225,47,1,1
BRDA:232,48,0,1
BRDA:232,48,1,0
BRDA:234,49,0,0
BRDA:234,49,1,1
BRDA:248,50,0,1
BRDA:248,50,1,0
BRF:100
BRH:56
end_of_record
TN:
SF:/mnt/d/Rede/Github/ThinkinCoin/Neurons/contracts/src/mocks/MockVerifier.sol
FN:18,constructor
FN:23,setMode
FN:27,verify
FN:38,setTrustedSigner
FN:42,domainSeparator
FN:46,buildMessageHash
FNF:6
FNH:3
FNDA:10,constructor
FNDA:4,setMode
FNDA:10,verify
FNDA:0,setTrustedSigner
FNDA:0,domainSeparator
FNDA:0,buildMessageHash
DA:19,10
DA:20,10
DA:24,4
DA:33,10
DA:34,9
DA:35,7
DA:39,0
DA:43,0
DA:52,0
LF:9
LH:6
BRDA:33,1,0,1
BRDA:33,1,1,9
BRDA:34,2,0,2
BRDA:34,2,1,7
BRF:4
BRH:4
end_of_record
TN:
SF:/mnt/d/Rede/Github/ThinkinCoin/Neurons/contracts/src/mocks/NeuronsOFTAdapterHarness.sol
FN:8,constructor
FN:10,receiveTokens
FNF:2
FNH:2
FNDA:9,constructor
FNDA:2,receiveTokens
DA:11,2
LF:1
LH:1
BRF:0
BRH:0
end_of_record
TN:
SF:/mnt/d/Rede/Github/ThinkinCoin/Neurons/contracts/src/tokens/Neurons.sol
FN:34,constructor
FN:41,setMinter
FN:51,setBurner
FN:61,pause
FN:65,unpause
FN:71,mint
FN:85,batchMint
FN:107,burn
FN:116,burnFrom
FN:127,remainingSupply
FN:131,isMinter
FN:135,isBurner
FN:140,_update
FN:153,supportsInterface
FN:162,nonces
FNF:15
FNH:10
FNDA:0,constructor
FNDA:0,setMinter
FNDA:0,setBurner
FNDA:41,pause
FNDA:1,unpause
FNDA:4,mint
FNDA:1,batchMint
FNDA:3,burn
FNDA:5,burnFrom
FNDA:0,remainingSupply
FNDA:3,isMinter
FNDA:2,isBurner
FNDA:2,_update
FNDA:0,supportsInterface
FNDA:2,nonces
DA:36,0
DA:37,0
DA:42,0
DA:43,0
DA:44,0
DA:46,0
DA:48,0
DA:52,0
DA:53,42
DA:54,42
DA:56,0
DA:58,41
DA:62,41
DA:66,1
DA:72,4
DA:73,4
DA:75,3
DA:76,1
DA:78,1
DA:87,1
DA:89,1
DA:90,0
DA:91,0
DA:92,29
DA:93,28
DA:97,1
DA:99,27
DA:101,26
DA:102,0
DA:103,0
DA:108,1
DA:110,2
DA:111,2
DA:113,5
DA:117,5
DA:118,1
DA:120,3
DA:121,3
DA:123,3
DA:128,3
DA:132,1
DA:136,2
DA:144,2
DA:148,0
DA:149,2
DA:159,2
DA:168,0
LF:47
LH:32
BRDA:36,1,0,0
BRDA:36,1,1,0
BRDA:41,2,0,0
BRDA:41,2,1,0
BRDA:42,3,0,0
BRDA:42,3,1,0
BRDA:43,4,0,0
BRDA:43,4,1,0
BRDA:51,5,0,0
BRDA:51,5,1,0
BRDA:52,6,0,42
BRDA:52,6,1,42
BRDA:53,7,0,42
BRDA:53,7,1,0
BRDA:61,8,0,0
BRDA:61,8,1,0
BRDA:65,9,0,0
BRDA:65,9,1,0
BRDA:71,10,0,0
BRDA:71,10,1,0
BRDA:71,11,0,0
BRDA:71,11,1,0
BRDA:72,12,0,0
BRDA:72,12,1,4
BRDA:73,13,0,3
BRDA:73,13,1,3
BRDA:84,14,0,0
BRDA:84,14,1,0
BRDA:85,15,0,0
BRDA:85,15,1,0
BRDA:87,16,0,0
BRDA:87,16,1,1
BRDA:91,17,0,29
BRDA:91,17,1,29
BRDA:92,18,0,28
BRDA:92,18,1,28
BRDA:97,19,0,27
BRDA:97,19,1,27
BRDA:107,20,0,0
BRDA:107,20,1,0
BRDA:108,21,0,2
BRDA:108,21,1,2
BRDA:116,22,0,0
BRDA:116,22,1,0
BRDA:116,23,0,0
BRDA:116,23,1,0
BRDA:117,24,0,2
BRDA:117,24,1,1
BRDA:118,25,0,1
BRDA:118,25,1,1
BRDA:148,26,0,0
BRDA:148,26,1,2
BRF:52
BRH:20
end_of_record
TN:
SF:/mnt/d/Rede/Github/ThinkinCoin/Neurons/contracts/src/verifiers/ECDSAVerifier.sol
FN:26,constructor
FN:36,setTrustedSigner
FN:46,domainSeparator
FN:56,verify
FN:91,buildMessageHash
FNF:5
FNH:0
FNDA:0,constructor
FNDA:0,setTrustedSigner
FNDA:0,domainSeparator
FNDA:0,verify
FNDA:0,buildMessageHash
DA:28,0
DA:29,0
DA:32,0
DA:37,0
DA:39,0
DA:40,0
DA:42,0
DA:47,0
DA:63,0
DA:66,0
DA:69,6
DA:79,0
DA:82,0
DA:85,6
DA:87,1
DA:97,1
DA:107,1
LF:17
LH:5
BRDA:28,1,0,0
BRDA:28,1,1,0
BRDA:28,2,0,0
BRDA:28,2,1,0
BRDA:36,3,0,0
BRDA:36,3,1,0
BRDA:37,4,0,0
BRDA:37,4,1,0
BRDA:66,5,0,6
BRDA:66,5,1,6
BRDA:85,6,0,0
BRDA:85,6,1,1
BRF:12
BRH:3
end_of_record
