TN:
SF:/mnt/d/Rede/Github/ThinkinCoin/Neurons/contracts/src/bridge/NeuronsOFTAdapter.sol
FN:43,constructor
FN:50,setEndpoint
FN:56,allowRemote
FN:61,setTrustedRemote
FN:66,setBridgeMode
FN:71,pause
FN:75,unpause
FN:88,sendTokens
FN:117,estimateSendFee
FN:141,_receiveTokens
FN:180,emergencyWithdraw
FN:188,getChainStats
FN:193,isChainAllowed
FN:197,getTrustedRemote
FN:201,getBridgeStats
FNF:15
FNH:0
FNDA:0,constructor
FNDA:0,setEndpoint
FNDA:0,allowRemote
FNDA:0,setTrustedRemote
FNDA:0,setBridgeMode
FNDA:0,pause
FNDA:0,unpause
FNDA:0,sendTokens
FNDA:0,estimateSendFee
FNDA:0,_receiveTokens
FNDA:0,emergencyWithdraw
FNDA:0,getChainStats
FNDA:0,isChainAllowed
FNDA:0,getTrustedRemote
FNDA:0,getBridgeStats
DA:44,0
DA:45,0
DA:46,0
DA:51,0
DA:52,0
DA:53,0
DA:57,0
DA:58,0
DA:62,0
DA:63,0
DA:67,0
DA:68,0
DA:72,0
DA:76,0
DA:89,0
DA:90,0
DA:91,0
DA:92,0
DA:95,0
DA:97,0
DA:99,0
DA:102,0
DA:106,0
DA:107,0
DA:109,0
DA:128,0
DA:129,0
DA:132,0
DA:133,0
DA:134,0
DA:135,0
DA:136,0
DA:146,0
DA:147,0
DA:148,0
DA:150,0
DA:152,0
DA:155,0
DA:159,0
DA:160,0
DA:162,0
DA:181,0
DA:182,0
DA:189,0
DA:190,0
DA:194,0
DA:198,0
DA:207,0
DA:208,0
DA:209,0
DA:212,0
DA:213,0
DA:214,0
DA:215,0
LF:54
LH:0
BRDA:44,1,0,0
BRDA:44,1,1,0
BRDA:44,2,0,0
BRDA:44,2,1,0
BRDA:50,3,0,0
BRDA:50,3,1,0
BRDA:51,4,0,0
BRDA:51,4,1,0
BRDA:56,5,0,0
BRDA:56,5,1,0
BRDA:61,6,0,0
BRDA:61,6,1,0
BRDA:66,7,0,0
BRDA:66,7,1,0
BRDA:71,8,0,0
BRDA:71,8,1,0
BRDA:75,9,0,0
BRDA:75,9,1,0
BRDA:88,10,0,0
BRDA:88,10,1,0
BRDA:88,11,0,0
BRDA:88,11,1,0
BRDA:89,12,0,0
BRDA:89,12,1,0
BRDA:90,13,0,0
BRDA:90,13,1,0
BRDA:91,14,0,0
BRDA:91,14,1,0
BRDA:92,15,0,0
BRDA:92,15,1,0
BRDA:95,16,0,0
BRDA:95,16,1,0
BRDA:97,17,0,0
BRDA:97,17,1,0
BRDA:146,18,0,0
BRDA:146,18,1,0
BRDA:147,19,0,0
BRDA:147,19,1,0
BRDA:148,20,0,0
BRDA:148,20,1,0
BRDA:150,21,0,0
BRDA:150,21,1,0
BRDA:180,22,0,0
BRDA:180,22,1,0
BRDA:181,23,0,0
BRDA:181,23,1,0
BRDA:214,24,0,0
BRDA:214,24,1,0
BRF:48
BRH:0
end_of_record
TN:
SF:/mnt/d/Rede/Github/ThinkinCoin/Neurons/contracts/src/bridge/NeuronsProxy.sol
FN:20,onlyBridge
FN:28,constructor
FN:35,setBridge
FN:44,bridgeMint
FN:52,bridgeBurn
FN:59,_update
FN:72,nonces
FNF:7
FNH:5
FNDA:6,onlyBridge
FNDA:4,constructor
FNDA:0,setBridge
FNDA:3,bridgeMint
FNDA:1,bridgeBurn
FNDA:4,_update
FNDA:0,nonces
DA:21,6
DA:22,4
DA:30,4
DA:31,4
DA:32,4
DA:36,0
DA:37,0
DA:38,0
DA:39,0
DA:45,3
DA:46,3
DA:47,3
DA:53,1
DA:54,1
DA:55,1
DA:63,4
DA:67,4
DA:68,3
DA:78,0
LF:19
LH:14
BRDA:21,1,0,2
BRDA:21,1,1,4
BRDA:30,2,0,0
BRDA:30,2,1,4
BRDA:30,3,0,0
BRDA:30,3,1,0
BRDA:35,4,0,0
BRDA:35,4,1,0
BRDA:36,5,0,0
BRDA:36,5,1,0
BRDA:44,6,0,3
BRDA:44,6,1,1
BRDA:45,7,0,0
BRDA:45,7,1,3
BRDA:46,8,0,0
BRDA:46,8,1,3
BRDA:52,9,0,1
BRDA:52,9,1,1
BRDA:53,10,0,0
BRDA:53,10,1,1
BRDA:54,11,0,0
BRDA:54,11,1,1
BRDA:67,12,0,3
BRDA:67,12,1,1
BRF:24
BRH:13
end_of_record
TN:
SF:/mnt/d/Rede/Github/ThinkinCoin/Neurons/contracts/src/interfaces/IVerifier.sol
FNF:0
FNH:0
LF:0
LH:0
BRF:0
BRH:0
end_of_record
TN:
SF:/mnt/d/Rede/Github/ThinkinCoin/Neurons/contracts/src/libs/Errors.sol
FNF:0
FNH:0
LF:0
LH:0
BRF:0
BRH:0
end_of_record
TN:
SF:/mnt/d/Rede/Github/ThinkinCoin/Neurons/contracts/src/minters/PoKMinter.sol
FN:43,constructor
FN:59,setToken
FN:65,setVerifier
FN:71,setDaoTreasury
FN:82,setLimits
FN:89,pause
FN:93,unpause
FN:98,emergencySetNonceUsed
FN:109,mintWithProof
FN:162,batchMintWithProofs
FN:219,canMint
FN:230,getRemainingDailyLimit
FN:237,getNextMintTime
FN:241,getMintingStats
FNF:14
FNH:0
FNDA:0,constructor
FNDA:0,setToken
FNDA:0,setVerifier
FNDA:0,setDaoTreasury
FNDA:0,setLimits
FNDA:0,pause
FNDA:0,unpause
FNDA:0,emergencySetNonceUsed
FNDA:0,mintWithProof
FNDA:0,batchMintWithProofs
FNDA:0,canMint
FNDA:0,getRemainingDailyLimit
FNDA:0,getNextMintTime
FNDA:0,getMintingStats
DA:44,0
DA:45,0
DA:46,0
DA:47,0
DA:49,0
DA:50,0
DA:51,0
DA:53,0
DA:54,0
DA:55,0
DA:60,0
DA:61,0
DA:62,0
DA:66,0
DA:67,0
DA:68,0
DA:72,0
DA:73,0
DA:74,0
DA:75,0
DA:83,0
DA:84,0
DA:85,0
DA:86,0
DA:90,0
DA:94,0
DA:99,0
DA:110,0
DA:111,0
DA:112,0
DA:113,0
DA:114,0
DA:115,0
DA:116,0
DA:119,0
DA:120,0
DA:124,0
DA:125,0
DA:127,0
DA:128,0
DA:131,0
DA:132,0
DA:136,0
DA:137,0
DA:140,0
DA:143,0
DA:144,0
DA:147,0
DA:150,0
DA:151,0
DA:153,0
DA:163,0
DA:166,0
DA:169,0
DA:170,0
DA:172,0
DA:174,0
DA:175,0
DA:176,0
DA:177,0
DA:178,0
DA:180,0
DA:181,0
DA:182,0
DA:185,0
DA:188,0
DA:189,0
DA:190,0
DA:193,0
DA:196,0
DA:197,0
DA:199,0
DA:203,0
DA:204,0
DA:205,0
DA:208,0
DA:211,0
DA:212,0
DA:214,0
DA:220,0
DA:221,0
DA:222,0
DA:224,0
DA:225,0
DA:227,0
DA:231,0
DA:232,0
DA:234,0
DA:238,0
DA:246,0
DA:247,0
DA:248,0
LF:92
LH:0
BRDA:44,1,0,0
BRDA:44,1,1,0
BRDA:45,2,0,0
BRDA:45,2,1,0
BRDA:49,3,0,0
BRDA:49,3,1,0
BRDA:53,4,0,0
BRDA:53,4,1,0
BRDA:59,5,0,0
BRDA:59,5,1,0
BRDA:60,6,0,0
BRDA:60,6,1,0
BRDA:65,7,0,0
BRDA:65,7,1,0
BRDA:66,8,0,0
BRDA:66,8,1,0
BRDA:71,9,0,0
BRDA:71,9,1,0
BRDA:72,10,0,0
BRDA:72,10,1,0
BRDA:82,11,0,0
BRDA:82,11,1,0
BRDA:89,12,0,0
BRDA:89,12,1,0
BRDA:93,13,0,0
BRDA:93,13,1,0
BRDA:98,14,0,0
BRDA:98,14,1,0
BRDA:109,15,0,0
BRDA:109,15,1,0
BRDA:109,16,0,0
BRDA:109,16,1,0
BRDA:110,17,0,0
BRDA:110,17,1,0
BRDA:111,18,0,0
BRDA:111,18,1,0
BRDA:112,19,0,0
BRDA:112,19,1,0
BRDA:113,20,0,0
BRDA:113,20,1,0
BRDA:114,21,0,0
BRDA:114,21,1,0
BRDA:115,22,0,0
BRDA:115,22,1,0
BRDA:116,23,0,0
BRDA:116,23,1,0
BRDA:119,24,0,0
BRDA:119,24,1,0
BRDA:125,25,0,0
BRDA:125,25,1,0
BRDA:131,26,0,0
BRDA:131,26,1,0
BRDA:137,27,0,0
BRDA:137,27,1,0
BRDA:162,28,0,0
BRDA:162,28,1,0
BRDA:162,29,0,0
BRDA:162,29,1,0
BRDA:163,30,0,0
BRDA:163,30,1,0
BRDA:163,31,0,0
BRDA:163,31,1,0
BRDA:163,32,0,0
BRDA:163,32,1,0
BRDA:169,33,0,0
BRDA:169,33,1,0
BRDA:170,34,0,0
BRDA:170,34,1,0
BRDA:180,35,0,0
BRDA:180,35,1,0
BRDA:181,36,0,0
BRDA:181,36,1,0
BRDA:181,37,0,0
BRDA:181,37,1,0
BRDA:182,38,0,0
BRDA:182,38,1,0
BRDA:185,39,0,0
BRDA:185,39,1,0
BRDA:188,40,0,0
BRDA:188,40,1,0
BRDA:193,41,0,0
BRDA:193,41,1,0
BRDA:197,42,0,0
BRDA:197,42,1,0
BRDA:220,43,0,0
BRDA:220,43,1,0
BRDA:221,44,0,0
BRDA:221,44,1,0
BRDA:221,45,0,0
BRDA:221,45,1,0
BRDA:222,46,0,0
BRDA:222,46,1,0
BRDA:225,47,0,0
BRDA:225,47,1,0
BRDA:232,48,0,0
BRDA:232,48,1,0
BRDA:234,49,0,0
BRDA:234,49,1,0
BRDA:248,50,0,0
BRDA:248,50,1,0
BRF:100
BRH:0
end_of_record
TN:
SF:/mnt/d/Rede/Github/ThinkinCoin/Neurons/contracts/src/tokens/Neurons.sol
FN:34,constructor
FN:41,setMinter
FN:51,setBurner
FN:61,pause
FN:65,unpause
FN:71,mint
FN:85,batchMint
FN:107,burn
FN:116,burnFrom
FN:127,remainingSupply
FN:131,isMinter
FN:135,isBurner
FN:140,_update
FN:153,supportsInterface
FN:162,nonces
FNF:15
FNH:14
FNDA:23,constructor
FNDA:21,setMinter
FNDA:3,setBurner
FNDA:1,pause
FNDA:1,unpause
FNDA:17,mint
FNDA:3,batchMint
FNDA:3,burn
FNDA:1,burnFrom
FNDA:2,remainingSupply
FNDA:2,isMinter
FNDA:2,isBurner
FNDA:24,_update
FNDA:0,supportsInterface
FNDA:2,nonces
DA:36,23
DA:37,23
DA:42,21
DA:43,21
DA:44,20
DA:46,1
DA:48,21
DA:52,3
DA:53,3
DA:54,2
DA:56,1
DA:58,3
DA:62,1
DA:66,1
DA:72,17
DA:73,16
DA:75,15
DA:76,15
DA:78,14
DA:87,3
DA:89,2
DA:90,2
DA:91,5
DA:92,5
DA:93,5
DA:97,2
DA:99,1
DA:101,1
DA:102,3
DA:103,3
DA:108,3
DA:110,2
DA:111,2
DA:113,2
DA:117,1
DA:118,1
DA:120,1
DA:121,1
DA:123,1
DA:128,2
DA:132,2
DA:136,2
DA:144,24
DA:148,22
DA:149,18
DA:159,0
DA:168,2
LF:47
LH:46
BRDA:36,1,0,0
BRDA:36,1,1,23
BRDA:41,2,0,21
BRDA:41,2,1,1
BRDA:42,3,0,0
BRDA:42,3,1,21
BRDA:43,4,0,20
BRDA:43,4,1,1
BRDA:51,5,0,3
BRDA:51,5,1,1
BRDA:52,6,0,0
BRDA:52,6,1,3
BRDA:53,7,0,2
BRDA:53,7,1,1
BRDA:61,8,0,1
BRDA:61,8,1,0
BRDA:65,9,0,1
BRDA:65,9,1,0
BRDA:71,10,0,18
BRDA:71,10,1,1
BRDA:71,11,0,17
BRDA:71,11,1,1
BRDA:72,12,0,1
BRDA:72,12,1,16
BRDA:73,13,0,1
BRDA:73,13,1,15
BRDA:84,14,0,3
BRDA:84,14,1,0
BRDA:85,15,0,3
BRDA:85,15,1,0
BRDA:87,16,0,1
BRDA:87,16,1,2
BRDA:91,17,0,0
BRDA:91,17,1,5
BRDA:92,18,0,0
BRDA:92,18,1,5
BRDA:97,19,0,1
BRDA:97,19,1,1
BRDA:107,20,0,3
BRDA:107,20,1,1
BRDA:108,21,0,1
BRDA:108,21,1,2
BRDA:116,22,0,2
BRDA:116,22,1,0
BRDA:116,23,0,1
BRDA:116,23,1,1
BRDA:117,24,0,0
BRDA:117,24,1,1
BRDA:118,25,0,0
BRDA:118,25,1,1
BRDA:148,26,0,18
BRDA:148,26,1,4
BRF:52
BRH:40
end_of_record
TN:
SF:/mnt/d/Rede/Github/ThinkinCoin/Neurons/contracts/src/verifiers/ECDSAVerifier.sol
FN:26,constructor
FN:36,setTrustedSigner
FN:46,domainSeparator
FN:56,verify
FN:91,buildMessageHash
FNF:5
FNH:0
FNDA:0,constructor
FNDA:0,setTrustedSigner
FNDA:0,domainSeparator
FNDA:0,verify
FNDA:0,buildMessageHash
DA:28,0
DA:29,0
DA:32,0
DA:37,0
DA:39,0
DA:40,0
DA:42,0
DA:47,0
DA:63,0
DA:66,0
DA:69,0
DA:79,0
DA:82,0
DA:85,0
DA:87,0
DA:97,0
DA:107,0
LF:17
LH:0
BRDA:28,1,0,0
BRDA:28,1,1,0
BRDA:28,2,0,0
BRDA:28,2,1,0
BRDA:36,3,0,0
BRDA:36,3,1,0
BRDA:37,4,0,0
BRDA:37,4,1,0
BRDA:66,5,0,0
BRDA:66,5,1,0
BRDA:85,6,0,0
BRDA:85,6,1,0
BRF:12
BRH:0
end_of_record
